<?xml version="1.0" encoding="UTF-8" ?>
<testsuite tests="4" failures="0" name="com.glsx.oms.fcadmin.biz.auth.nameauth.test.NameauthClientTest" time="8.706" errors="4" skipped="0">
  <properties>
[...]
</properties>
  <testcase classname="com.glsx.oms.fcadmin.biz.auth.nameauth.test.NameauthClientTest" name="testGet" time="2.538">
    <error message="I/O error on GET request for &quot;http://localhost:8080/auth/nameauth/9999999&quot;: Connect to localhost:8080 [localhost/127.0.0.1, localhost/0:0:0:0:0:0:0:1] failed: Connection refused: connect; nested exception is org.apache.http.conn.HttpHostConnectException: Connect to localhost:8080 [localhost/127.0.0.1, localhost/0:0:0:0:0:0:0:1] failed: Connection refused: connect" type="org.springframework.web.client.ResourceAccessException">org.springframework.web.client.ResourceAccessException: I/O error on GET request for &quot;http://localhost:8080/auth/nameauth/9999999&quot;: Connect to localhost:8080 [localhost/127.0.0.1, localhost/0:0:0:0:0:0:0:1] failed: Connection refused: connect; nested exception is org.apache.http.conn.HttpHostConnectException: Connect to localhost:8080 [localhost/127.0.0.1, localhost/0:0:0:0:0:0:0:1] failed: Connection refused: connect
	at org.springframework.web.client.RestTemplate.doExecute(RestTemplate.java:666)
	at org.springframework.web.client.RestTemplate.execute(RestTemplate.java:613)
	at org.springframework.web.client.RestTemplate.getForEntity(RestTemplate.java:312)
	at com.glsx.oms.fcadmin.biz.auth.nameauth.rest.NameauthClient.get(NameauthClient.java:30)
	at com.glsx.oms.fcadmin.biz.auth.nameauth.test.NameauthClientTest.testGet(NameauthClientTest.java:30)
	at sun.reflect.NativeMethodAccessorImpl.invoke0(Native Method)
	at sun.reflect.NativeMethodAccessorImpl.invoke(NativeMethodAccessorImpl.java:62)
	at sun.reflect.DelegatingMethodAccessorImpl.invoke(DelegatingMethodAccessorImpl.java:43)
	at java.lang.reflect.Method.invoke(Method.java:498)
	at org.junit.runners.model.FrameworkMethod$1.runReflectiveCall(FrameworkMethod.java:50)
	at org.junit.internal.runners.model.ReflectiveCallable.run(ReflectiveCallable.java:12)
	at org.junit.runners.model.FrameworkMethod.invokeExplosively(FrameworkMethod.java:47)
	at org.junit.internal.runners.statements.InvokeMethod.evaluate(InvokeMethod.java:17)
	at org.springframework.test.context.junit4.statements.RunBeforeTestMethodCallbacks.evaluate(RunBeforeTestMethodCallbacks.java:75)
	at org.springframework.test.context.junit4.statements.RunAfterTestMethodCallbacks.evaluate(RunAfterTestMethodCallbacks.java:86)
	at org.springframework.test.context.junit4.statements.SpringRepeat.evaluate(SpringRepeat.java:84)
	at org.junit.runners.ParentRunner.runLeaf(ParentRunner.java:325)
	at org.springframework.test.context.junit4.SpringJUnit4ClassRunner.runChild(SpringJUnit4ClassRunner.java:252)
	at org.springframework.test.context.junit4.SpringJUnit4ClassRunner.runChild(SpringJUnit4ClassRunner.java:94)
	at org.junit.runners.ParentRunner$3.run(ParentRunner.java:290)
	at org.junit.runners.ParentRunner$1.schedule(ParentRunner.java:71)
	at org.junit.runners.ParentRunner.runChildren(ParentRunner.java:288)
	at org.junit.runners.ParentRunner.access$000(ParentRunner.java:58)
	at org.junit.runners.ParentRunner$2.evaluate(ParentRunner.java:268)
	at org.springframework.test.context.junit4.statements.RunBeforeTestClassCallbacks.evaluate(RunBeforeTestClassCallbacks.java:61)
	at org.springframework.test.context.junit4.statements.RunAfterTestClassCallbacks.evaluate(RunAfterTestClassCallbacks.java:70)
	at org.junit.runners.ParentRunner.run(ParentRunner.java:363)
	at org.springframework.test.context.junit4.SpringJUnit4ClassRunner.run(SpringJUnit4ClassRunner.java:191)
	at org.apache.maven.surefire.junit4.JUnit4Provider.execute(JUnit4Provider.java:252)
	at org.apache.maven.surefire.junit4.JUnit4Provider.executeTestSet(JUnit4Provider.java:141)
	at org.apache.maven.surefire.junit4.JUnit4Provider.invoke(JUnit4Provider.java:112)
	at sun.reflect.NativeMethodAccessorImpl.invoke0(Native Method)
	at sun.reflect.NativeMethodAccessorImpl.invoke(NativeMethodAccessorImpl.java:62)
	at sun.reflect.DelegatingMethodAccessorImpl.invoke(DelegatingMethodAccessorImpl.java:43)
	at java.lang.reflect.Method.invoke(Method.java:498)
	at org.apache.maven.surefire.util.ReflectionUtils.invokeMethodWithArray(ReflectionUtils.java:189)
	at org.apache.maven.surefire.booter.ProviderFactory$ProviderProxy.invoke(ProviderFactory.java:165)
	at org.apache.maven.surefire.booter.ProviderFactory.invokeProvider(ProviderFactory.java:85)
	at org.apache.maven.surefire.booter.ForkedBooter.runSuitesInProcess(ForkedBooter.java:115)
	at org.apache.maven.surefire.booter.ForkedBooter.main(ForkedBooter.java:75)
Caused by: org.apache.http.conn.HttpHostConnectException: Connect to localhost:8080 [localhost/127.0.0.1, localhost/0:0:0:0:0:0:0:1] failed: Connection refused: connect
	at org.apache.http.impl.conn.HttpClientConnectionOperator.connect(HttpClientConnectionOperator.java:142)
	at org.apache.http.impl.conn.PoolingHttpClientConnectionManager.connect(PoolingHttpClientConnectionManager.java:319)
	at org.apache.http.impl.execchain.MainClientExec.establishRoute(MainClientExec.java:363)
	at org.apache.http.impl.execchain.MainClientExec.execute(MainClientExec.java:219)
	at org.apache.http.impl.execchain.ProtocolExec.execute(ProtocolExec.java:195)
	at org.apache.http.impl.execchain.RetryExec.execute(RetryExec.java:86)
	at org.apache.http.impl.execchain.RedirectExec.execute(RedirectExec.java:108)
	at org.apache.http.impl.client.InternalHttpClient.doExecute(InternalHttpClient.java:184)
	at org.apache.http.impl.client.CloseableHttpClient.execute(CloseableHttpClient.java:82)
	at org.apache.http.impl.client.CloseableHttpClient.execute(CloseableHttpClient.java:57)
	at org.springframework.http.client.HttpComponentsClientHttpRequest.executeInternal(HttpComponentsClientHttpRequest.java:89)
	at org.springframework.http.client.AbstractBufferingClientHttpRequest.executeInternal(AbstractBufferingClientHttpRequest.java:48)
	at org.springframework.http.client.AbstractClientHttpRequest.execute(AbstractClientHttpRequest.java:53)
	at org.springframework.web.client.RestTemplate.doExecute(RestTemplate.java:652)
	... 39 more
Caused by: java.net.ConnectException: Connection refused: connect
	at java.net.DualStackPlainSocketImpl.connect0(Native Method)
	at java.net.DualStackPlainSocketImpl.socketConnect(DualStackPlainSocketImpl.java:79)
	at java.net.AbstractPlainSocketImpl.doConnect(AbstractPlainSocketImpl.java:350)
	at java.net.AbstractPlainSocketImpl.connectToAddress(AbstractPlainSocketImpl.java:206)
	at java.net.AbstractPlainSocketImpl.connect(AbstractPlainSocketImpl.java:188)
	at java.net.PlainSocketImpl.connect(PlainSocketImpl.java:172)
	at java.net.SocksSocketImpl.connect(SocksSocketImpl.java:392)
	at java.net.Socket.connect(Socket.java:589)
	at org.apache.http.conn.socket.PlainConnectionSocketFactory.connectSocket(PlainConnectionSocketFactory.java:72)
	at org.apache.http.impl.conn.HttpClientConnectionOperator.connect(HttpClientConnectionOperator.java:125)
	... 52 more
</error>
    <system-out>17:04:36,657 |-INFO in ch.qos.logback.classic.LoggerContext[oms-fcadmin] - Could NOT find resource [logback.groovy]
17:04:36,658 |-INFO in ch.qos.logback.classic.LoggerContext[oms-fcadmin] - Could NOT find resource [logback-test.xml]
17:04:36,658 |-INFO in ch.qos.logback.classic.LoggerContext[oms-fcadmin] - Found resource [logback.xml] at [file:/F:/eclipseWork/glsx-oms/oms-fcadmin/target/classes/logback.xml]
17:04:36,757 |-INFO in ch.qos.logback.classic.joran.action.ConfigurationAction - debug attribute not set
17:04:36,772 |-INFO in ch.qos.logback.classic.joran.action.ConfigurationAction - Will scan for changes in [file:/F:/eclipseWork/glsx-oms/oms-fcadmin/target/classes/logback.xml] 
17:04:36,772 |-INFO in ch.qos.logback.classic.joran.action.ConfigurationAction - Setting ReconfigureOnChangeTask scanning period to 1 minutes
17:04:36,825 |-INFO in ch.qos.logback.classic.joran.action.ContextNameAction - Setting logger context name as [oms-fcadmin]
17:04:36,854 |-INFO in ch.qos.logback.core.joran.action.AppenderAction - About to instantiate appender of type [ch.qos.logback.core.ConsoleAppender]
17:04:36,858 |-INFO in ch.qos.logback.core.joran.action.AppenderAction - Naming appender as [STDOUT]
17:04:36,929 |-WARN in ch.qos.logback.core.ConsoleAppender[STDOUT] - This appender no longer admits a layout as a sub-component, set an encoder instead.
17:04:36,929 |-WARN in ch.qos.logback.core.ConsoleAppender[STDOUT] - To ensure compatibility, wrapping your layout in LayoutWrappingEncoder.
17:04:36,929 |-WARN in ch.qos.logback.core.ConsoleAppender[STDOUT] - See also http://logback.qos.ch/codes.html#layoutInsteadOfEncoder for details
17:04:36,930 |-INFO in ch.qos.logback.core.joran.action.AppenderAction - About to instantiate appender of type [ch.qos.logback.core.rolling.RollingFileAppender]
17:04:36,934 |-INFO in ch.qos.logback.core.joran.action.AppenderAction - Naming appender as [FILE]
17:04:36,947 |-INFO in c.q.l.core.rolling.SizeAndTimeBasedRollingPolicy@963522361 - Archive files will be limited to [200 MB] each.
17:04:36,951 |-INFO in c.q.l.core.rolling.SizeAndTimeBasedRollingPolicy@963522361 - No compression will be used
17:04:36,954 |-INFO in c.q.l.core.rolling.SizeAndTimeBasedRollingPolicy@963522361 - Will use the pattern /log/oms/oms-fcadmin/oms-fcadmin.log.%d{yyyy-MM-dd}.%i for the active file
17:04:36,958 |-INFO in ch.qos.logback.core.rolling.SizeAndTimeBasedFNATP@a74868d - The date pattern is &apos;yyyy-MM-dd&apos; from file name pattern &apos;/log/oms/oms-fcadmin/oms-fcadmin.log.%d{yyyy-MM-dd}.%i&apos;.
17:04:36,958 |-INFO in ch.qos.logback.core.rolling.SizeAndTimeBasedFNATP@a74868d - Roll-over at midnight.
17:04:36,962 |-INFO in ch.qos.logback.core.rolling.SizeAndTimeBasedFNATP@a74868d - Setting initial period to Wed Aug 08 16:57:04 CST 2018
17:04:36,966 |-WARN in ch.qos.logback.core.rolling.RollingFileAppender[FILE] - This appender no longer admits a layout as a sub-component, set an encoder instead.
17:04:36,966 |-WARN in ch.qos.logback.core.rolling.RollingFileAppender[FILE] - To ensure compatibility, wrapping your layout in LayoutWrappingEncoder.
17:04:36,966 |-WARN in ch.qos.logback.core.rolling.RollingFileAppender[FILE] - See also http://logback.qos.ch/codes.html#layoutInsteadOfEncoder for details
17:04:36,967 |-INFO in ch.qos.logback.core.rolling.RollingFileAppender[FILE] - Active log file name: /log/oms/oms-fcadmin/oms-fcadmin.log
17:04:36,967 |-INFO in ch.qos.logback.core.rolling.RollingFileAppender[FILE] - File property is set to [/log/oms/oms-fcadmin/oms-fcadmin.log]
17:04:36,969 |-INFO in ch.qos.logback.classic.joran.action.RootLoggerAction - Setting level of ROOT logger to INFO
17:04:36,969 |-INFO in ch.qos.logback.core.joran.action.AppenderRefAction - Attaching appender named [STDOUT] to Logger[ROOT]
17:04:36,970 |-INFO in ch.qos.logback.core.joran.action.AppenderRefAction - Attaching appender named [FILE] to Logger[ROOT]
17:04:36,970 |-INFO in ch.qos.logback.classic.joran.action.ConfigurationAction - End of configuration.
17:04:36,972 |-INFO in ch.qos.logback.classic.joran.JoranConfigurator@12c8a2c0 - Registering current configuration as safe fallback point

2018-08-08 17:04:37.128 [oms-fcadmin] [main] INFO  o.s.b.t.c.SpringBootTestContextBootstrapper - Neither @ContextConfiguration nor @ContextHierarchy found for test class [com.glsx.oms.fcadmin.biz.auth.nameauth.test.NameauthClientTest], using SpringBootContextLoader
2018-08-08 17:04:37.137 [oms-fcadmin] [main] INFO  o.s.t.c.s.AbstractContextLoader - Could not detect default resource locations for test class [com.glsx.oms.fcadmin.biz.auth.nameauth.test.NameauthClientTest]: no resource found for suffixes {-context.xml, Context.groovy}.
2018-08-08 17:04:37.326 [oms-fcadmin] [main] INFO  o.s.b.t.c.SpringBootTestContextBootstrapper - Loaded default TestExecutionListener class names from location [META-INF/spring.factories]: [org.springframework.test.context.web.ServletTestExecutionListener, org.springframework.test.context.support.DirtiesContextBeforeModesTestExecutionListener, org.springframework.test.context.support.DependencyInjectionTestExecutionListener, org.springframework.test.context.support.DirtiesContextTestExecutionListener, org.springframework.test.context.transaction.TransactionalTestExecutionListener, org.springframework.test.context.jdbc.SqlScriptsTestExecutionListener, org.springframework.boot.test.mock.mockito.MockitoTestExecutionListener, org.springframework.boot.test.mock.mockito.ResetMocksTestExecutionListener, org.springframework.boot.test.autoconfigure.restdocs.RestDocsTestExecutionListener, org.springframework.boot.test.autoconfigure.web.client.MockRestServiceServerResetTestExecutionListener, org.springframework.boot.test.autoconfigure.web.servlet.MockMvcPrintOnlyOnFailureTestExecutionListener, org.springframework.boot.test.autoconfigure.web.servlet.WebDriverTestExecutionListener]
2018-08-08 17:04:37.359 [oms-fcadmin] [main] INFO  o.s.b.t.c.SpringBootTestContextBootstrapper - Using TestExecutionListeners: [org.springframework.test.context.web.ServletTestExecutionListener@59fd97a8, org.springframework.test.context.support.DirtiesContextBeforeModesTestExecutionListener@f5ac9e4, org.springframework.boot.test.autoconfigure.SpringBootDependencyInjectionTestExecutionListener@123ef382, org.springframework.test.context.support.DirtiesContextTestExecutionListener@dbf57b3, org.springframework.test.context.transaction.TransactionalTestExecutionListener@384ad17b, org.springframework.test.context.jdbc.SqlScriptsTestExecutionListener@61862a7f, org.springframework.boot.test.mock.mockito.ResetMocksTestExecutionListener@441772e, org.springframework.boot.test.autoconfigure.web.client.MockRestServiceServerResetTestExecutionListener@7334aada, org.springframework.boot.test.autoconfigure.restdocs.RestDocsTestExecutionListener@1d9b7cce, org.springframework.boot.test.mock.mockito.MockitoTestExecutionListener@4d9e68d0, org.springframework.boot.test.autoconfigure.web.servlet.WebDriverTestExecutionListener@42e99e4a, org.springframework.boot.test.autoconfigure.web.servlet.MockMvcPrintOnlyOnFailureTestExecutionListener@14dd9eb7]
2018-08-08 17:04:37.928 [oms-fcadmin] [main] INFO  o.o.b.a.diamond.config.DiamondConfig - dataId oms-fcadmin-dev config info: 
#static files
static.resource=http://192.168.3.238:8181/static/

#druid default config
##����
ore.druid.url=jdbc:mysql://14.17.103.20:3306/flowplat?useUnicode=true&amp;characterEncoding=utf-8&amp;zeroDateTimeBehavior=convertToNull
##����
#ore.druid.url=jdbc:mysql://14.17.100.211:3306/flowplat?useUnicode=true&amp;characterEncoding=utf-8&amp;zeroDateTimeBehavior=convertToNull 

ore.druid.driver-class=com.mysql.jdbc.Driver
ore.druid.username=root
ore.druid.password=Msd^*$@online
ore.druid.initial-size=1
ore.druid.min-idle=1
ore.druid.max-active=20
ore.druid.test-on-borrow=true

#dubbo config
ore.dubbo.application.name=consumer
ore.dubbo.application.owner=ore
ore.dubbo.registry.address=zookeeper://192.168.3.206:2181
ore.dubbo.registry.timeout=30000
ore.dubbo.scan=com.glsx.oms.fcadmin.biz

mybatis.type-aliases-package=com.glsx.oms.fcopen
mybatis.mapper-locations=classpath:/com/glsx/oms/fcopen/*/**.xml
mapper.mappers=org.oreframework.datasource.mybatis.mapper.OreMapper
mapper.not-empty=false
mapper.identity=MYSQL

#pagehelper
pagehelper.helperDialect=mysql
pagehelper.reasonable=true
pagehelper.supportMethodsArguments=true
pagehelper.params=count=countSql

#kafka producer config
spring.kafka.bootstrap-servers=192.168.3.207:9092
spring.kafka.template.default-topic=async_job

#�ϴ��ļ���С
spring.http.multipart.max-file-size=50MB
spring.http.multipart.max-request-size=50MB

#��������ƽ̨����ͣ�ò�����appid��accesskey����
fcadmin.appid=19180009
fcadmin.accesskey=abcdef

#����ͣ�õ������ݿ���
fcadmin.opAllowNum=2000
#�����⵼�����ݿ���
fcadmin.stockAllowNum=10000
#�ϴ�����·������
fcadmin.uploadPath=D:/temp/upload/
fcadmin.downloadPath=D:/temp/download/
fcadmin.domain=D:/temp/download/

#http�ӿڷ���
#fcadmin.flowmgnUrl=http://192.168.0.54:41001/openApi

#���ز���http�ӿڷ��ʵ�ַ
fcadmin.flowmgnUrl=http://192.168.3.153:40011/openApi


fcadmin.authNoticeUrl=http://192.168.3.238:8087/router
fcadmin.authAppKey=48e5e13229b82c1b4e6e8c96151f0637
fcadmin.authSign=c24619ed7fef02a0ae16328146bca5f97cc6493957a2137b

#ʵ����֤΢����Ϣ����Url
fcadmin.wechatUrl=http://192.168.3.238:8888/fcwechat/router?
#fcadmin.wechatUrl=http://localhost:8888/fcwechat/router?
fcadmin.wechatAppkey=48e5e13229b82c1b4e6e8c96151f0637
fcadmin.wechatSign=c24619ed7fef02a0ae16328146bca5f97cc6493957a2137b

##ͼƬ��̬����
fcadmin.imageUrl=http://192.168.3.153:8525/v1/tfscom

## Freemarker ����
## �ļ�����·��
spring.freemarker.template-loader-path=classpath:/web/
spring.freemarker.cache=false
spring.freemarker.charset=UTF-8
spring.freemarker.check-template-location=true
spring.freemarker.content-type=text/html
spring.freemarker.expose-request-attributes=true
spring.freemarker.expose-session-attributes=true
spring.freemarker.request-context-attribute=request
spring.freemarker.suffix=.ftl

redis.pool.maxActive=300 
redis.pool.maxIdle=20
redis.pool.maxWait=100 
redis.pool.testOnBorrow=true
redis.hostname=192.168.3.207 

redis.port=6379
redis.password=

#cas config
ore.cas.server-url=http://192.168.3.138:8089/cas
ore.cas.server-login-url=${ore.cas.server-url}/login
ore.cas.server-logout-url=${ore.cas.server-url}/logout?service=${ore.app.server-url}
ore.app.server-url=http://127.0.0.1:8080/
ore.app.login-url=/login
ore.app.logout-url=/logout
ore.app.ignore-pattern=${ore.app.server-url}user|${ore.app.server-url}login|${ore.app.server-url}logout
2018-08-08 17:04:38.054 [oms-fcadmin] [main] INFO  o.o.b.a.diamond.config.DiamondConfig - dataId null-null config info: 
null
2018-08-08 17:04:38.059 [oms-fcadmin] [main] INFO  o.o.b.a.diamond.config.DiamondConfig - localhost config info: 

   ____  __  __  _____   ____              _     ______                                           _    
  / __ \|  \/  |/ ____| |  _ \            | |   |  ____|                                         | |   
 | |  | | \  / | (___   | |_) | ___   ___ | |_  | |__ _ __ __ _ _ __ ___   _____      _____  _ __| | __
 | |  | | |\/| |\___ \  |  _ &lt; / _ \ / _ \| __| |  __| &apos;__/ _` | &apos;_ ` _ \ / _ \ \ /\ / / _ \| &apos;__| |/ /
 | |__| | |  | |____) | | |_) | (_) | (_) | |_  | |  | | | (_| | | | | | |  __/\ V  V / (_) | |  |   &lt; 
  \____/|_|  |_|_____/  |____/ \___/ \___/ \__| |_|  |_|  \__,_|_| |_| |_|\___| \_/\_/ \___/|_|  |_|\_\
                                                                                                       
2018-08-08 17:04:38.513 [oms-fcadmin] [main] INFO  c.g.o.f.b.a.n.t.NameauthClientTest - Starting NameauthClientTest on USER-20180717CR with PID 5232 (started by Administrator in F:\eclipseWork\glsx-oms\oms-fcadmin)
2018-08-08 17:04:38.514 [oms-fcadmin] [main] INFO  c.g.o.f.b.a.n.t.NameauthClientTest - No active profile set, falling back to default profiles: default
2018-08-08 17:04:38.610 [oms-fcadmin] [main] INFO  o.s.w.c.s.GenericWebApplicationContext - Refreshing org.springframework.web.context.support.GenericWebApplicationContext@35a3d49f: startup date [Wed Aug 08 17:04:38 CST 2018]; root of context hierarchy
2018-08-08 17:04:39.385 [oms-fcadmin] [background-preinit] INFO  o.h.validator.internal.util.Version - HV000001: Hibernate Validator 5.3.4.Final
2018-08-08 17:04:42.670 [oms-fcadmin] [main] WARN  o.m.s.mapper.ClassPathMapperScanner - No MyBatis mapper was found in &apos;[com.glsx.oms.fcadmin]&apos; package. Please check your configuration.
2018-08-08 17:04:42.919 [oms-fcadmin] [main] WARN  o.m.s.mapper.ClassPathMapperScanner - No MyBatis mapper was found in &apos;[com.glsx.oms.fcadmin]&apos; package. Please check your configuration.
2018-08-08 17:04:44.718 [oms-fcadmin] [main] INFO  o.s.b.f.a.AutowiredAnnotationBeanPostProcessor - JSR-330 &apos;javax.inject.Inject&apos; annotation found and supported for autowiring
2018-08-08 17:04:45.028 [oms-fcadmin] [main] INFO  o.s.c.s.PostProcessorRegistrationDelegate$BeanPostProcessorChecker - Bean &apos;org.springframework.boot.autoconfigure.validation.ValidationAutoConfiguration&apos; of type [class org.springframework.boot.autoconfigure.validation.ValidationAutoConfiguration] is not eligible for getting processed by all BeanPostProcessors (for example: not eligible for auto-proxying)
2018-08-08 17:04:45.283 [oms-fcadmin] [main] INFO  o.s.c.s.PostProcessorRegistrationDelegate$BeanPostProcessorChecker - Bean &apos;validator&apos; of type [class org.springframework.validation.beanvalidation.LocalValidatorFactoryBean] is not eligible for getting processed by all BeanPostProcessors (for example: not eligible for auto-proxying)
2018-08-08 17:04:45.329 [oms-fcadmin] [main] INFO  o.s.c.s.PostProcessorRegistrationDelegate$BeanPostProcessorChecker - Bean &apos;org.springframework.kafka.annotation.KafkaBootstrapConfiguration&apos; of type [class org.springframework.kafka.annotation.KafkaBootstrapConfiguration$$EnhancerBySpringCGLIB$$1c9a6a94] is not eligible for getting processed by all BeanPostProcessors (for example: not eligible for auto-proxying)
2018-08-08 17:04:45.429 [oms-fcadmin] [main] INFO  o.s.c.s.PostProcessorRegistrationDelegate$BeanPostProcessorChecker - Bean &apos;org.springframework.transaction.annotation.ProxyTransactionManagementConfiguration&apos; of type [class org.springframework.transaction.annotation.ProxyTransactionManagementConfiguration$$EnhancerBySpringCGLIB$$48e85911] is not eligible for getting processed by all BeanPostProcessors (for example: not eligible for auto-proxying)
2018-08-08 17:04:45.737 [oms-fcadmin] [main] INFO  o.s.c.s.PostProcessorRegistrationDelegate$BeanPostProcessorChecker - Bean &apos;org.springframework.boot.autoconfigure.web.WebClientAutoConfiguration$RestTemplateConfiguration&apos; of type [class org.springframework.boot.autoconfigure.web.WebClientAutoConfiguration$RestTemplateConfiguration$$EnhancerBySpringCGLIB$$5017d028] is not eligible for getting processed by all BeanPostProcessors (for example: not eligible for auto-proxying)
2018-08-08 17:04:45.803 [oms-fcadmin] [main] INFO  o.s.c.s.PostProcessorRegistrationDelegate$BeanPostProcessorChecker - Bean &apos;spring.http.encoding-org.springframework.boot.autoconfigure.web.HttpEncodingProperties&apos; of type [class org.springframework.boot.autoconfigure.web.HttpEncodingProperties] is not eligible for getting processed by all BeanPostProcessors (for example: not eligible for auto-proxying)
2018-08-08 17:04:45.841 [oms-fcadmin] [main] INFO  o.s.c.s.PostProcessorRegistrationDelegate$BeanPostProcessorChecker - Bean &apos;org.springframework.boot.autoconfigure.web.HttpMessageConvertersAutoConfiguration$StringHttpMessageConverterConfiguration&apos; of type [class org.springframework.boot.autoconfigure.web.HttpMessageConvertersAutoConfiguration$StringHttpMessageConverterConfiguration$$EnhancerBySpringCGLIB$$96168211] is not eligible for getting processed by all BeanPostProcessors (for example: not eligible for auto-proxying)
2018-08-08 17:04:45.911 [oms-fcadmin] [main] INFO  o.s.c.s.PostProcessorRegistrationDelegate$BeanPostProcessorChecker - Bean &apos;stringHttpMessageConverter&apos; of type [class org.springframework.http.converter.StringHttpMessageConverter] is not eligible for getting processed by all BeanPostProcessors (for example: not eligible for auto-proxying)
2018-08-08 17:04:45.927 [oms-fcadmin] [main] INFO  o.s.c.s.PostProcessorRegistrationDelegate$BeanPostProcessorChecker - Bean &apos;org.springframework.boot.autoconfigure.web.JacksonHttpMessageConvertersConfiguration$MappingJackson2HttpMessageConverterConfiguration&apos; of type [class org.springframework.boot.autoconfigure.web.JacksonHttpMessageConvertersConfiguration$MappingJackson2HttpMessageConverterConfiguration$$EnhancerBySpringCGLIB$$2424ac11] is not eligible for getting processed by all BeanPostProcessors (for example: not eligible for auto-proxying)
2018-08-08 17:04:45.940 [oms-fcadmin] [main] INFO  o.s.c.s.PostProcessorRegistrationDelegate$BeanPostProcessorChecker - Bean &apos;org.springframework.boot.autoconfigure.jackson.JacksonAutoConfiguration$JacksonObjectMapperConfiguration&apos; of type [class org.springframework.boot.autoconfigure.jackson.JacksonAutoConfiguration$JacksonObjectMapperConfiguration$$EnhancerBySpringCGLIB$$a47bd8a2] is not eligible for getting processed by all BeanPostProcessors (for example: not eligible for auto-proxying)
2018-08-08 17:04:45.957 [oms-fcadmin] [main] INFO  o.s.c.s.PostProcessorRegistrationDelegate$BeanPostProcessorChecker - Bean &apos;spring.jackson-org.springframework.boot.autoconfigure.jackson.JacksonProperties&apos; of type [class org.springframework.boot.autoconfigure.jackson.JacksonProperties] is not eligible for getting processed by all BeanPostProcessors (for example: not eligible for auto-proxying)
2018-08-08 17:04:45.969 [oms-fcadmin] [main] INFO  o.s.c.s.PostProcessorRegistrationDelegate$BeanPostProcessorChecker - Bean &apos;org.springframework.boot.autoconfigure.jackson.JacksonAutoConfiguration$Jackson2ObjectMapperBuilderCustomizerConfiguration&apos; of type [class org.springframework.boot.autoconfigure.jackson.JacksonAutoConfiguration$Jackson2ObjectMapperBuilderCustomizerConfiguration$$EnhancerBySpringCGLIB$$11df80aa] is not eligible for getting processed by all BeanPostProcessors (for example: not eligible for auto-proxying)
2018-08-08 17:04:45.986 [oms-fcadmin] [main] INFO  o.s.c.s.PostProcessorRegistrationDelegate$BeanPostProcessorChecker - Bean &apos;standardJacksonObjectMapperBuilderCustomizer&apos; of type [class org.springframework.boot.autoconfigure.jackson.JacksonAutoConfiguration$Jackson2ObjectMapperBuilderCustomizerConfiguration$StandardJackson2ObjectMapperBuilderCustomizer] is not eligible for getting processed by all BeanPostProcessors (for example: not eligible for auto-proxying)
2018-08-08 17:04:46.022 [oms-fcadmin] [main] INFO  o.s.c.s.PostProcessorRegistrationDelegate$BeanPostProcessorChecker - Bean &apos;org.springframework.boot.autoconfigure.jackson.JacksonAutoConfiguration$JacksonObjectMapperBuilderConfiguration&apos; of type [class org.springframework.boot.autoconfigure.jackson.JacksonAutoConfiguration$JacksonObjectMapperBuilderConfiguration$$EnhancerBySpringCGLIB$$56c89abb] is not eligible for getting processed by all BeanPostProcessors (for example: not eligible for auto-proxying)
2018-08-08 17:04:46.044 [oms-fcadmin] [main] INFO  o.s.c.s.PostProcessorRegistrationDelegate$BeanPostProcessorChecker - Bean &apos;org.springframework.boot.autoconfigure.jackson.JacksonAutoConfiguration&apos; of type [class org.springframework.boot.autoconfigure.jackson.JacksonAutoConfiguration$$EnhancerBySpringCGLIB$$86877631] is not eligible for getting processed by all BeanPostProcessors (for example: not eligible for auto-proxying)
2018-08-08 17:04:46.114 [oms-fcadmin] [main] INFO  o.s.c.s.PostProcessorRegistrationDelegate$BeanPostProcessorChecker - Bean &apos;jsonComponentModule&apos; of type [class org.springframework.boot.jackson.JsonComponentModule] is not eligible for getting processed by all BeanPostProcessors (for example: not eligible for auto-proxying)
2018-08-08 17:04:46.130 [oms-fcadmin] [main] INFO  o.s.c.s.PostProcessorRegistrationDelegate$BeanPostProcessorChecker - Bean &apos;org.springframework.data.web.config.SpringDataJacksonConfiguration&apos; of type [class org.springframework.data.web.config.SpringDataJacksonConfiguration] is not eligible for getting processed by all BeanPostProcessors (for example: not eligible for auto-proxying)
2018-08-08 17:04:46.147 [oms-fcadmin] [main] INFO  o.s.c.s.PostProcessorRegistrationDelegate$BeanPostProcessorChecker - Bean &apos;jacksonGeoModule&apos; of type [class org.springframework.data.geo.GeoModule] is not eligible for getting processed by all BeanPostProcessors (for example: not eligible for auto-proxying)
2018-08-08 17:04:46.161 [oms-fcadmin] [main] INFO  o.s.c.s.PostProcessorRegistrationDelegate$BeanPostProcessorChecker - Bean &apos;jacksonObjectMapperBuilder&apos; of type [class org.springframework.http.converter.json.Jackson2ObjectMapperBuilder] is not eligible for getting processed by all BeanPostProcessors (for example: not eligible for auto-proxying)
2018-08-08 17:04:46.268 [oms-fcadmin] [main] INFO  o.s.c.s.PostProcessorRegistrationDelegate$BeanPostProcessorChecker - Bean &apos;jacksonObjectMapper&apos; of type [class com.fasterxml.jackson.databind.ObjectMapper] is not eligible for getting processed by all BeanPostProcessors (for example: not eligible for auto-proxying)
2018-08-08 17:04:46.315 [oms-fcadmin] [main] INFO  o.s.c.s.PostProcessorRegistrationDelegate$BeanPostProcessorChecker - Bean &apos;mappingJackson2HttpMessageConverter&apos; of type [class org.springframework.http.converter.json.MappingJackson2HttpMessageConverter] is not eligible for getting processed by all BeanPostProcessors (for example: not eligible for auto-proxying)
2018-08-08 17:04:46.328 [oms-fcadmin] [main] INFO  o.s.c.s.PostProcessorRegistrationDelegate$BeanPostProcessorChecker - Bean &apos;org.springframework.boot.autoconfigure.web.HttpMessageConvertersAutoConfiguration&apos; of type [class org.springframework.boot.autoconfigure.web.HttpMessageConvertersAutoConfiguration$$EnhancerBySpringCGLIB$$d9a07771] is not eligible for getting processed by all BeanPostProcessors (for example: not eligible for auto-proxying)
2018-08-08 17:04:46.357 [oms-fcadmin] [main] INFO  o.s.c.s.PostProcessorRegistrationDelegate$BeanPostProcessorChecker - Bean &apos;messageConverters&apos; of type [class org.springframework.boot.autoconfigure.web.HttpMessageConverters] is not eligible for getting processed by all BeanPostProcessors (for example: not eligible for auto-proxying)
2018-08-08 17:04:46.369 [oms-fcadmin] [main] INFO  o.s.c.s.PostProcessorRegistrationDelegate$BeanPostProcessorChecker - Bean &apos;restTemplateBuilder&apos; of type [class org.springframework.boot.web.client.RestTemplateBuilder] is not eligible for getting processed by all BeanPostProcessors (for example: not eligible for auto-proxying)
2018-08-08 17:04:46.371 [oms-fcadmin] [main] INFO  o.s.c.s.PostProcessorRegistrationDelegate$BeanPostProcessorChecker - Bean &apos;OMSTestBootStarter&apos; of type [class com.glsx.oms.fcadmin.OMSTestBootStarter$$EnhancerBySpringCGLIB$$32a2b578] is not eligible for getting processed by all BeanPostProcessors (for example: not eligible for auto-proxying)
2018-08-08 17:04:46.996 [oms-fcadmin] [main] INFO  o.s.c.s.PostProcessorRegistrationDelegate$BeanPostProcessorChecker - Bean &apos;restTemplate&apos; of type [class org.springframework.web.client.RestTemplate] is not eligible for getting processed by all BeanPostProcessors (for example: not eligible for auto-proxying)
2018-08-08 17:04:47.005 [oms-fcadmin] [main] INFO  o.s.c.s.PostProcessorRegistrationDelegate$BeanPostProcessorChecker - Bean &apos;nameauthClient&apos; of type [class com.glsx.oms.fcadmin.biz.auth.nameauth.rest.NameauthClient] is not eligible for getting processed by all BeanPostProcessors (for example: not eligible for auto-proxying)
2018-08-08 17:04:47.014 [oms-fcadmin] [main] INFO  o.s.c.s.PostProcessorRegistrationDelegate$BeanPostProcessorChecker - Bean &apos;changeLogClient&apos; of type [class com.glsx.oms.fcadmin.biz.card.changelog.rest.ChangeLogClient] is not eligible for getting processed by all BeanPostProcessors (for example: not eligible for auto-proxying)
2018-08-08 17:04:47.021 [oms-fcadmin] [main] INFO  o.s.c.s.PostProcessorRegistrationDelegate$BeanPostProcessorChecker - Bean &apos;flowCardClient&apos; of type [class com.glsx.oms.fcadmin.biz.card.flowcard.rest.FlowCardClient] is not eligible for getting processed by all BeanPostProcessors (for example: not eligible for auto-proxying)
2018-08-08 17:04:47.027 [oms-fcadmin] [main] INFO  o.s.c.s.PostProcessorRegistrationDelegate$BeanPostProcessorChecker - Bean &apos;flowPoolClient&apos; of type [class com.glsx.oms.fcadmin.biz.card.flowpool.rest.FlowPoolClient] is not eligible for getting processed by all BeanPostProcessors (for example: not eligible for auto-proxying)
2018-08-08 17:04:47.033 [oms-fcadmin] [main] INFO  o.s.c.s.PostProcessorRegistrationDelegate$BeanPostProcessorChecker - Bean &apos;lifeCycleClient&apos; of type [class com.glsx.oms.fcadmin.biz.card.lifecycle.rest.LifeCycleClient] is not eligible for getting processed by all BeanPostProcessors (for example: not eligible for auto-proxying)
2018-08-08 17:04:47.038 [oms-fcadmin] [main] INFO  o.s.c.s.PostProcessorRegistrationDelegate$BeanPostProcessorChecker - Bean &apos;orderInfoClient&apos; of type [class com.glsx.oms.fcadmin.biz.card.orderinfo.rest.OrderInfoClient] is not eligible for getting processed by all BeanPostProcessors (for example: not eligible for auto-proxying)
2018-08-08 17:04:47.043 [oms-fcadmin] [main] INFO  o.s.c.s.PostProcessorRegistrationDelegate$BeanPostProcessorChecker - Bean &apos;postageClient&apos; of type [class com.glsx.oms.fcadmin.biz.card.postage.rest.PostageClient] is not eligible for getting processed by all BeanPostProcessors (for example: not eligible for auto-proxying)
2018-08-08 17:04:47.049 [oms-fcadmin] [main] INFO  o.s.c.s.PostProcessorRegistrationDelegate$BeanPostProcessorChecker - Bean &apos;taskClient&apos; of type [class com.glsx.oms.fcadmin.biz.download.task.rest.TaskClient] is not eligible for getting processed by all BeanPostProcessors (for example: not eligible for auto-proxying)
2018-08-08 17:04:47.060 [oms-fcadmin] [main] INFO  o.s.c.s.PostProcessorRegistrationDelegate$BeanPostProcessorChecker - Bean &apos;networkAccessClient&apos; of type [class com.glsx.oms.fcadmin.biz.op.networkaccess.rest.NetworkAccessClient] is not eligible for getting processed by all BeanPostProcessors (for example: not eligible for auto-proxying)
2018-08-08 17:04:47.065 [oms-fcadmin] [main] INFO  o.s.c.s.PostProcessorRegistrationDelegate$BeanPostProcessorChecker - Bean &apos;opClient&apos; of type [class com.glsx.oms.fcadmin.biz.op.op.rest.OpClient] is not eligible for getting processed by all BeanPostProcessors (for example: not eligible for auto-proxying)
2018-08-08 17:04:47.074 [oms-fcadmin] [main] INFO  o.s.c.s.PostProcessorRegistrationDelegate$BeanPostProcessorChecker - Bean &apos;postagePlanClient&apos; of type [class com.glsx.oms.fcadmin.biz.op.postageplan.rest.PostagePlanClient] is not eligible for getting processed by all BeanPostProcessors (for example: not eligible for auto-proxying)
2018-08-08 17:04:47.082 [oms-fcadmin] [main] INFO  o.s.c.s.PostProcessorRegistrationDelegate$BeanPostProcessorChecker - Bean &apos;outOrderClient&apos; of type [class com.glsx.oms.fcadmin.biz.order.outorder.rest.OutOrderClient] is not eligible for getting processed by all BeanPostProcessors (for example: not eligible for auto-proxying)
2018-08-08 17:04:47.088 [oms-fcadmin] [main] INFO  o.s.c.s.PostProcessorRegistrationDelegate$BeanPostProcessorChecker - Bean &apos;flowPackageClient&apos; of type [class com.glsx.oms.fcadmin.biz.pkg.flowpackage.rest.FlowPackageClient] is not eligible for getting processed by all BeanPostProcessors (for example: not eligible for auto-proxying)
2018-08-08 17:04:47.096 [oms-fcadmin] [main] INFO  o.s.c.s.PostProcessorRegistrationDelegate$BeanPostProcessorChecker - Bean &apos;rechargeOrderClient&apos; of type [class com.glsx.oms.fcadmin.biz.recharge.rechargeorder.rest.RechargeOrderClient] is not eligible for getting processed by all BeanPostProcessors (for example: not eligible for auto-proxying)
2018-08-08 17:04:47.105 [oms-fcadmin] [main] INFO  o.s.c.s.PostProcessorRegistrationDelegate$BeanPostProcessorChecker - Bean &apos;recycleClient&apos; of type [class com.glsx.oms.fcadmin.biz.recovery.recycle.rest.RecycleClient] is not eligible for getting processed by all BeanPostProcessors (for example: not eligible for auto-proxying)
2018-08-08 17:04:47.111 [oms-fcadmin] [main] INFO  o.s.c.s.PostProcessorRegistrationDelegate$BeanPostProcessorChecker - Bean &apos;transferClient&apos; of type [class com.glsx.oms.fcadmin.biz.recovery.transfer.rest.TransferClient] is not eligible for getting processed by all BeanPostProcessors (for example: not eligible for auto-proxying)
2018-08-08 17:04:47.115 [oms-fcadmin] [main] INFO  o.s.c.s.PostProcessorRegistrationDelegate$BeanPostProcessorChecker - Bean &apos;flowPackageListClient&apos; of type [class com.glsx.oms.fcadmin.biz.sp.flowpackagelist.rest.FlowPackageListClient] is not eligible for getting processed by all BeanPostProcessors (for example: not eligible for auto-proxying)
2018-08-08 17:04:47.121 [oms-fcadmin] [main] INFO  o.s.c.s.PostProcessorRegistrationDelegate$BeanPostProcessorChecker - Bean &apos;flowServiceClient&apos; of type [class com.glsx.oms.fcadmin.biz.sp.flowservice.rest.FlowServiceClient] is not eligible for getting processed by all BeanPostProcessors (for example: not eligible for auto-proxying)
2018-08-08 17:04:47.125 [oms-fcadmin] [main] INFO  o.s.c.s.PostProcessorRegistrationDelegate$BeanPostProcessorChecker - Bean &apos;spClient&apos; of type [class com.glsx.oms.fcadmin.biz.sp.sp.rest.SpClient] is not eligible for getting processed by all BeanPostProcessors (for example: not eligible for auto-proxying)
2018-08-08 17:04:47.327 [oms-fcadmin] [main] INFO  o.s.c.s.PostProcessorRegistrationDelegate$BeanPostProcessorChecker - Bean &apos;mybatis-org.oreframework.boot.autoconfigure.datasource.mybatis.MybatisProperties&apos; of type [class org.oreframework.boot.autoconfigure.datasource.mybatis.MybatisProperties] is not eligible for getting processed by all BeanPostProcessors (for example: not eligible for auto-proxying)
2018-08-08 17:04:47.343 [oms-fcadmin] [main] INFO  o.s.c.s.PostProcessorRegistrationDelegate$BeanPostProcessorChecker - Bean &apos;org.oreframework.boot.autoconfigure.datasource.mybatis.MybatisAutoConfiguration&apos; of type [class org.oreframework.boot.autoconfigure.datasource.mybatis.MybatisAutoConfiguration$$EnhancerBySpringCGLIB$$992ac4e3] is not eligible for getting processed by all BeanPostProcessors (for example: not eligible for auto-proxying)
2018-08-08 17:04:47.358 [oms-fcadmin] [main] INFO  o.s.c.s.PostProcessorRegistrationDelegate$BeanPostProcessorChecker - Bean &apos;org.oreframework.boot.autoconfigure.datasource.customize.mybatis.druid.DruidAutoConfiguration&apos; of type [class org.oreframework.boot.autoconfigure.datasource.customize.mybatis.druid.DruidAutoConfiguration$$EnhancerBySpringCGLIB$$cbaba1cb] is not eligible for getting processed by all BeanPostProcessors (for example: not eligible for auto-proxying)
2018-08-08 17:04:47.373 [oms-fcadmin] [main] INFO  o.s.c.s.PostProcessorRegistrationDelegate$BeanPostProcessorChecker - Bean &apos;org.oreframework.boot.autoconfigure.datasource.customize.mybatis.MybatisPropertiesAutoConfiguration&apos; of type [class org.oreframework.boot.autoconfigure.datasource.customize.mybatis.MybatisPropertiesAutoConfiguration$$EnhancerBySpringCGLIB$$bf45487b] is not eligible for getting processed by all BeanPostProcessors (for example: not eligible for auto-proxying)
2018-08-08 17:04:47.509 [oms-fcadmin] [main] INFO  o.s.c.s.PostProcessorRegistrationDelegate$BeanPostProcessorChecker - Bean &apos;druidProperties&apos; of type [class org.oreframework.datasource.druid.DruidProperties] is not eligible for getting processed by all BeanPostProcessors (for example: not eligible for auto-proxying)
2018-08-08 17:04:47.532 [oms-fcadmin] [main] INFO  o.s.c.s.PostProcessorRegistrationDelegate$BeanPostProcessorChecker - Bean &apos;dataSource&apos; of type [class com.alibaba.druid.pool.DruidDataSource] is not eligible for getting processed by all BeanPostProcessors (for example: not eligible for auto-proxying)
2018-08-08 17:04:47.551 [oms-fcadmin] [main] INFO  o.s.c.s.PostProcessorRegistrationDelegate$BeanPostProcessorChecker - Bean &apos;org.springframework.boot.autoconfigure.jdbc.DataSourceAutoConfiguration&apos; of type [class org.springframework.boot.autoconfigure.jdbc.DataSourceAutoConfiguration$$EnhancerBySpringCGLIB$$2adbfc71] is not eligible for getting processed by all BeanPostProcessors (for example: not eligible for auto-proxying)
2018-08-08 17:04:47.618 [oms-fcadmin] [main] INFO  o.s.c.s.PostProcessorRegistrationDelegate$BeanPostProcessorChecker - Bean &apos;spring.datasource-org.springframework.boot.autoconfigure.jdbc.DataSourceProperties&apos; of type [class org.springframework.boot.autoconfigure.jdbc.DataSourceProperties] is not eligible for getting processed by all BeanPostProcessors (for example: not eligible for auto-proxying)
2018-08-08 17:04:47.647 [oms-fcadmin] [main] INFO  o.s.c.s.PostProcessorRegistrationDelegate$BeanPostProcessorChecker - Bean &apos;dataSourceInitializer&apos; of type [class org.springframework.boot.autoconfigure.jdbc.DataSourceInitializer] is not eligible for getting processed by all BeanPostProcessors (for example: not eligible for auto-proxying)
2018-08-08 17:04:47.867 [oms-fcadmin] [main] INFO  o.s.c.s.PostProcessorRegistrationDelegate$BeanPostProcessorChecker - Bean &apos;sqlSessionFactory&apos; of type [class org.apache.ibatis.session.defaults.DefaultSqlSessionFactory] is not eligible for getting processed by all BeanPostProcessors (for example: not eligible for auto-proxying)
2018-08-08 17:04:47.897 [oms-fcadmin] [main] INFO  o.s.c.s.PostProcessorRegistrationDelegate$BeanPostProcessorChecker - Bean &apos;sqlSessionTemplate&apos; of type [class org.mybatis.spring.SqlSessionTemplate] is not eligible for getting processed by all BeanPostProcessors (for example: not eligible for auto-proxying)
2018-08-08 17:04:48.255 [oms-fcadmin] [main] INFO  o.s.c.s.PostProcessorRegistrationDelegate$BeanPostProcessorChecker - Bean &apos;nameauthMapper&apos; of type [class org.mybatis.spring.mapper.MapperFactoryBean] is not eligible for getting processed by all BeanPostProcessors (for example: not eligible for auto-proxying)
2018-08-08 17:04:48.259 [oms-fcadmin] [main] INFO  o.s.c.s.PostProcessorRegistrationDelegate$BeanPostProcessorChecker - Bean &apos;nameauthMapper&apos; of type [class com.sun.proxy.$Proxy81] is not eligible for getting processed by all BeanPostProcessors (for example: not eligible for auto-proxying)
2018-08-08 17:04:48.265 [oms-fcadmin] [main] INFO  o.s.c.s.PostProcessorRegistrationDelegate$BeanPostProcessorChecker - Bean &apos;nameauthService&apos; of type [class com.glsx.oms.fcadmin.biz.auth.nameauth.service.NameauthService] is not eligible for getting processed by all BeanPostProcessors (for example: not eligible for auto-proxying)
2018-08-08 17:04:48.377 [oms-fcadmin] [main] INFO  o.s.c.s.PostProcessorRegistrationDelegate$BeanPostProcessorChecker - Bean &apos;flowCardMapper&apos; of type [class org.mybatis.spring.mapper.MapperFactoryBean] is not eligible for getting processed by all BeanPostProcessors (for example: not eligible for auto-proxying)
2018-08-08 17:04:48.381 [oms-fcadmin] [main] INFO  o.s.c.s.PostProcessorRegistrationDelegate$BeanPostProcessorChecker - Bean &apos;flowCardMapper&apos; of type [class com.sun.proxy.$Proxy83] is not eligible for getting processed by all BeanPostProcessors (for example: not eligible for auto-proxying)
2018-08-08 17:04:48.384 [oms-fcadmin] [main] INFO  o.s.c.s.PostProcessorRegistrationDelegate$BeanPostProcessorChecker - Bean &apos;flowCardService&apos; of type [class com.glsx.oms.fcadmin.biz.card.flowcard.service.FlowCardService] is not eligible for getting processed by all BeanPostProcessors (for example: not eligible for auto-proxying)
2018-08-08 17:04:48.417 [oms-fcadmin] [main] INFO  o.s.c.s.PostProcessorRegistrationDelegate$BeanPostProcessorChecker - Bean &apos;spring.kafka-org.springframework.boot.autoconfigure.kafka.KafkaProperties&apos; of type [class org.springframework.boot.autoconfigure.kafka.KafkaProperties] is not eligible for getting processed by all BeanPostProcessors (for example: not eligible for auto-proxying)
2018-08-08 17:04:48.424 [oms-fcadmin] [main] INFO  o.s.c.s.PostProcessorRegistrationDelegate$BeanPostProcessorChecker - Bean &apos;org.springframework.boot.autoconfigure.kafka.KafkaAutoConfiguration&apos; of type [class org.springframework.boot.autoconfigure.kafka.KafkaAutoConfiguration$$EnhancerBySpringCGLIB$$4ef3e78b] is not eligible for getting processed by all BeanPostProcessors (for example: not eligible for auto-proxying)
2018-08-08 17:04:48.445 [oms-fcadmin] [main] INFO  o.s.c.s.PostProcessorRegistrationDelegate$BeanPostProcessorChecker - Bean &apos;kafkaProducerFactory&apos; of type [class org.springframework.kafka.core.DefaultKafkaProducerFactory] is not eligible for getting processed by all BeanPostProcessors (for example: not eligible for auto-proxying)
2018-08-08 17:04:48.457 [oms-fcadmin] [main] INFO  o.s.c.s.PostProcessorRegistrationDelegate$BeanPostProcessorChecker - Bean &apos;kafkaProducerListener&apos; of type [class org.springframework.kafka.support.LoggingProducerListener] is not eligible for getting processed by all BeanPostProcessors (for example: not eligible for auto-proxying)
2018-08-08 17:04:48.475 [oms-fcadmin] [main] INFO  o.s.c.s.PostProcessorRegistrationDelegate$BeanPostProcessorChecker - Bean &apos;kafkaTemplate&apos; of type [class org.springframework.kafka.core.KafkaTemplate] is not eligible for getting processed by all BeanPostProcessors (for example: not eligible for auto-proxying)
2018-08-08 17:04:48.540 [oms-fcadmin] [main] INFO  o.s.c.s.PostProcessorRegistrationDelegate$BeanPostProcessorChecker - Bean &apos;fcadminProperty&apos; of type [class com.glsx.oms.fcadmin.framework.config.FcadminProperty$$EnhancerBySpringCGLIB$$a8f3c78d] is not eligible for getting processed by all BeanPostProcessors (for example: not eligible for auto-proxying)
2018-08-08 17:04:48.543 [oms-fcadmin] [main] INFO  o.s.c.s.PostProcessorRegistrationDelegate$BeanPostProcessorChecker - Bean &apos;nameauthController&apos; of type [class com.glsx.oms.fcadmin.biz.auth.nameauth.controller.NameauthController] is not eligible for getting processed by all BeanPostProcessors (for example: not eligible for auto-proxying)
2018-08-08 17:04:48.602 [oms-fcadmin] [main] INFO  o.s.c.s.PostProcessorRegistrationDelegate$BeanPostProcessorChecker - Bean &apos;changeLogMapper&apos; of type [class org.mybatis.spring.mapper.MapperFactoryBean] is not eligible for getting processed by all BeanPostProcessors (for example: not eligible for auto-proxying)
2018-08-08 17:04:48.605 [oms-fcadmin] [main] INFO  o.s.c.s.PostProcessorRegistrationDelegate$BeanPostProcessorChecker - Bean &apos;changeLogMapper&apos; of type [class com.sun.proxy.$Proxy85] is not eligible for getting processed by all BeanPostProcessors (for example: not eligible for auto-proxying)
2018-08-08 17:04:48.607 [oms-fcadmin] [main] INFO  o.s.c.s.PostProcessorRegistrationDelegate$BeanPostProcessorChecker - Bean &apos;changeLogService&apos; of type [class com.glsx.oms.fcadmin.biz.card.changelog.service.ChangeLogService] is not eligible for getting processed by all BeanPostProcessors (for example: not eligible for auto-proxying)
2018-08-08 17:04:48.608 [oms-fcadmin] [main] INFO  o.s.c.s.PostProcessorRegistrationDelegate$BeanPostProcessorChecker - Bean &apos;changeLogController&apos; of type [class com.glsx.oms.fcadmin.biz.card.changelog.controller.ChangeLogController] is not eligible for getting processed by all BeanPostProcessors (for example: not eligible for auto-proxying)
2018-08-08 17:04:48.659 [oms-fcadmin] [main] INFO  o.s.c.s.PostProcessorRegistrationDelegate$BeanPostProcessorChecker - Bean &apos;optlogMapper&apos; of type [class org.mybatis.spring.mapper.MapperFactoryBean] is not eligible for getting processed by all BeanPostProcessors (for example: not eligible for auto-proxying)
2018-08-08 17:04:48.663 [oms-fcadmin] [main] INFO  o.s.c.s.PostProcessorRegistrationDelegate$BeanPostProcessorChecker - Bean &apos;optlogMapper&apos; of type [class com.sun.proxy.$Proxy86] is not eligible for getting processed by all BeanPostProcessors (for example: not eligible for auto-proxying)
2018-08-08 17:04:48.667 [oms-fcadmin] [main] INFO  o.s.c.s.PostProcessorRegistrationDelegate$BeanPostProcessorChecker - Bean &apos;optlogService&apos; of type [class com.glsx.oms.fcadmin.biz.card.optlog.service.OptlogService] is not eligible for getting processed by all BeanPostProcessors (for example: not eligible for auto-proxying)
2018-08-08 17:04:48.737 [oms-fcadmin] [main] INFO  o.s.c.s.PostProcessorRegistrationDelegate$BeanPostProcessorChecker - Bean &apos;opMapper&apos; of type [class org.mybatis.spring.mapper.MapperFactoryBean] is not eligible for getting processed by all BeanPostProcessors (for example: not eligible for auto-proxying)
2018-08-08 17:04:48.741 [oms-fcadmin] [main] INFO  o.s.c.s.PostProcessorRegistrationDelegate$BeanPostProcessorChecker - Bean &apos;opMapper&apos; of type [class com.sun.proxy.$Proxy87] is not eligible for getting processed by all BeanPostProcessors (for example: not eligible for auto-proxying)
2018-08-08 17:04:48.743 [oms-fcadmin] [main] INFO  o.s.c.s.PostProcessorRegistrationDelegate$BeanPostProcessorChecker - Bean &apos;opService&apos; of type [class com.glsx.oms.fcadmin.biz.op.op.service.OpService] is not eligible for getting processed by all BeanPostProcessors (for example: not eligible for auto-proxying)
2018-08-08 17:04:48.855 [oms-fcadmin] [main] INFO  o.s.c.s.PostProcessorRegistrationDelegate$BeanPostProcessorChecker - Bean &apos;flowPackageMapper&apos; of type [class org.mybatis.spring.mapper.MapperFactoryBean] is not eligible for getting processed by all BeanPostProcessors (for example: not eligible for auto-proxying)
2018-08-08 17:04:48.859 [oms-fcadmin] [main] INFO  o.s.c.s.PostProcessorRegistrationDelegate$BeanPostProcessorChecker - Bean &apos;flowPackageMapper&apos; of type [class com.sun.proxy.$Proxy88] is not eligible for getting processed by all BeanPostProcessors (for example: not eligible for auto-proxying)
2018-08-08 17:04:48.891 [oms-fcadmin] [main] INFO  o.s.c.s.PostProcessorRegistrationDelegate$BeanPostProcessorChecker - Bean &apos;flowServiceMapper&apos; of type [class org.mybatis.spring.mapper.MapperFactoryBean] is not eligible for getting processed by all BeanPostProcessors (for example: not eligible for auto-proxying)
2018-08-08 17:04:48.897 [oms-fcadmin] [main] INFO  o.s.c.s.PostProcessorRegistrationDelegate$BeanPostProcessorChecker - Bean &apos;flowServiceMapper&apos; of type [class com.sun.proxy.$Proxy89] is not eligible for getting processed by all BeanPostProcessors (for example: not eligible for auto-proxying)
2018-08-08 17:04:48.951 [oms-fcadmin] [main] INFO  o.s.c.s.PostProcessorRegistrationDelegate$BeanPostProcessorChecker - Bean &apos;flowPackageListMapper&apos; of type [class org.mybatis.spring.mapper.MapperFactoryBean] is not eligible for getting processed by all BeanPostProcessors (for example: not eligible for auto-proxying)
2018-08-08 17:04:48.955 [oms-fcadmin] [main] INFO  o.s.c.s.PostProcessorRegistrationDelegate$BeanPostProcessorChecker - Bean &apos;flowPackageListMapper&apos; of type [class com.sun.proxy.$Proxy90] is not eligible for getting processed by all BeanPostProcessors (for example: not eligible for auto-proxying)
2018-08-08 17:04:48.957 [oms-fcadmin] [main] INFO  o.s.c.s.PostProcessorRegistrationDelegate$BeanPostProcessorChecker - Bean &apos;flowPackageService&apos; of type [class com.glsx.oms.fcadmin.biz.pkg.flowpackage.service.FlowPackageService] is not eligible for getting processed by all BeanPostProcessors (for example: not eligible for auto-proxying)
2018-08-08 17:04:49.504 [oms-fcadmin] [main] INFO  o.s.c.s.PostProcessorRegistrationDelegate$BeanPostProcessorChecker - Bean &apos;ore.dubbo-org.oreframework.boot.autoconfigure.dubbo.metadata.DubboProperty&apos; of type [class org.oreframework.boot.autoconfigure.dubbo.metadata.DubboProperty] is not eligible for getting processed by all BeanPostProcessors (for example: not eligible for auto-proxying)
2018-08-08 17:04:49.506 [oms-fcadmin] [main] INFO  o.s.c.s.PostProcessorRegistrationDelegate$BeanPostProcessorChecker - Bean &apos;org.oreframework.boot.autoconfigure.dubbo.DubboAutoConfiguration&apos; of type [class org.oreframework.boot.autoconfigure.dubbo.DubboAutoConfiguration$$EnhancerBySpringCGLIB$$84d6675a] is not eligible for getting processed by all BeanPostProcessors (for example: not eligible for auto-proxying)
2018-08-08 17:04:49.515 [oms-fcadmin] [main] INFO  o.s.c.s.PostProcessorRegistrationDelegate$BeanPostProcessorChecker - Bean &apos;requestApplicationConfig&apos; of type [class com.alibaba.dubbo.config.ApplicationConfig] is not eligible for getting processed by all BeanPostProcessors (for example: not eligible for auto-proxying)
2018-08-08 17:04:49.528 [oms-fcadmin] [main] INFO  o.s.c.s.PostProcessorRegistrationDelegate$BeanPostProcessorChecker - Bean &apos;requestRegistryConfig&apos; of type [class com.alibaba.dubbo.config.RegistryConfig] is not eligible for getting processed by all BeanPostProcessors (for example: not eligible for auto-proxying)
2018-08-08 17:04:50.014 [oms-fcadmin] [main] INFO  org.apache.zookeeper.ZooKeeper - Client environment:zookeeper.version=3.4.6-1569965, built on 02/20/2014 09:09 GMT
2018-08-08 17:04:50.014 [oms-fcadmin] [main] INFO  org.apache.zookeeper.ZooKeeper - Client environment:host.name=192.168.2.11
2018-08-08 17:04:50.014 [oms-fcadmin] [main] INFO  org.apache.zookeeper.ZooKeeper - Client environment:java.version=1.8.0_91
2018-08-08 17:04:50.014 [oms-fcadmin] [main] INFO  org.apache.zookeeper.ZooKeeper - Client environment:java.vendor=Oracle Corporation
2018-08-08 17:04:50.014 [oms-fcadmin] [main] INFO  org.apache.zookeeper.ZooKeeper - Client environment:java.home=D:\Program Files\Java\jdk1.8.0_91\jre
2018-08-08 17:04:50.015 [oms-fcadmin] [main] INFO  org.apache.zookeeper.ZooKeeper - Client environment:java.class.path=F:\eclipseWork\glsx-oms\oms-fcadmin\target\test-classes;F:\eclipseWork\glsx-oms\oms-fcadmin\target\classes;D:\java\java\manve_lib\repository\junit\junit\4.12\junit-4.12.jar;D:\java\java\manve_lib\repository\org\hamcrest\hamcrest-core\1.3\hamcrest-core-1.3.jar;D:\java\java\manve_lib\repository\org\oreframework\boot\ore-boot-starter-diamond\1.0.9.RELEASE\ore-boot-starter-diamond-1.0.9.RELEASE.jar;D:\java\java\manve_lib\repository\org\oreframework\boot\ore-boot-starter\1.0.9.RELEASE\ore-boot-starter-1.0.9.RELEASE.jar;D:\java\java\manve_lib\repository\org\oreframework\boot\ore-boot\1.0.9.RELEASE\ore-boot-1.0.9.RELEASE.jar;D:\java\java\manve_lib\repository\ch\qos\logback\logback-access\1.1.9\logback-access-1.1.9.jar;D:\java\java\manve_lib\repository\ch\qos\logback\logback-classic\1.1.9\logback-classic-1.1.9.jar;D:\java\java\manve_lib\repository\ch\qos\logback\logback-core\1.1.9\logback-core-1.1.9.jar;D:\java\java\manve_lib\repository\org\oreframework\ore-util\2.0.8.RELEASE\ore-util-2.0.8.RELEASE.jar;D:\java\java\manve_lib\repository\gnu-regexp\gnu-regexp\1.1.4\gnu-regexp-1.1.4.jar;D:\java\java\manve_lib\repository\com\thoughtworks\xstream\xstream\1.4.7\xstream-1.4.7.jar;D:\java\java\manve_lib\repository\xmlpull\xmlpull\1.1.3.1\xmlpull-1.1.3.1.jar;D:\java\java\manve_lib\repository\xpp3\xpp3_min\1.1.4c\xpp3_min-1.1.4c.jar;D:\java\java\manve_lib\repository\com\belerweb\pinyin4j\2.5.0\pinyin4j-2.5.0.jar;D:\java\java\manve_lib\repository\net\sf\json-lib\json-lib\2.4\json-lib-2.4-jdk15.jar;D:\java\java\manve_lib\repository\net\sf\ezmorph\ezmorph\1.0.5\ezmorph-1.0.5.jar;D:\java\java\manve_lib\repository\com\google\code\gson\gson\2.2.2\gson-2.2.2.jar;D:\java\java\manve_lib\repository\cglib\cglib-nodep\2.2.2\cglib-nodep-2.2.2.jar;D:\java\java\manve_lib\repository\javax\servlet\javax.servlet-api\3.1.0\javax.servlet-api-3.1.0.jar;D:\java\java\manve_lib\repository\org\oreframework\ore-context\2.0.8.RELEASE\ore-context-2.0.8.RELEASE.jar;D:\java\java\manve_lib\repository\org\oreframework\common\ore-common-beanutils\2.0.8.RELEASE\ore-common-beanutils-2.0.8.RELEASE.jar;D:\java\java\manve_lib\repository\org\springframework\security\spring-security-cas\4.2.1.RELEASE\spring-security-cas-4.2.1.RELEASE.jar;D:\java\java\manve_lib\repository\org\jasig\cas\client\cas-client-core\3.4.1\cas-client-core-3.4.1.jar;D:\java\java\manve_lib\repository\org\springframework\security\spring-security-core\4.2.1.RELEASE\spring-security-core-4.2.1.RELEASE.jar;D:\java\java\manve_lib\repository\aopalliance\aopalliance\1.0\aopalliance-1.0.jar;D:\java\java\manve_lib\repository\org\springframework\security\spring-security-web\4.2.1.RELEASE\spring-security-web-4.2.1.RELEASE.jar;D:\java\java\manve_lib\repository\org\oreframework\boot\ore-boot-web\1.0.9.RELEASE\ore-boot-web-1.0.9.RELEASE.jar;D:\java\java\manve_lib\repository\org\oreframework\ore-web\2.0.8.RELEASE\ore-web-2.0.8.RELEASE.jar;D:\java\java\manve_lib\repository\org\oreframework\boot\ore-boot-autoconfigure\1.0.9.RELEASE\ore-boot-autoconfigure-1.0.9.RELEASE.jar;D:\java\java\manve_lib\repository\org\springframework\boot\spring-boot-starter-jetty\1.5.1.RELEASE\spring-boot-starter-jetty-1.5.1.RELEASE.jar;D:\java\java\manve_lib\repository\org\eclipse\jetty\jetty-servlets\9.4.1.v20170120\jetty-servlets-9.4.1.v20170120.jar;D:\java\java\manve_lib\repository\org\eclipse\jetty\jetty-continuation\9.4.1.v20170120\jetty-continuation-9.4.1.v20170120.jar;D:\java\java\manve_lib\repository\org\eclipse\jetty\jetty-http\9.4.1.v20170120\jetty-http-9.4.1.v20170120.jar;D:\java\java\manve_lib\repository\org\eclipse\jetty\jetty-util\9.4.1.v20170120\jetty-util-9.4.1.v20170120.jar;D:\java\java\manve_lib\repository\org\eclipse\jetty\jetty-io\9.4.1.v20170120\jetty-io-9.4.1.v20170120.jar;D:\java\java\manve_lib\repository\org\eclipse\jetty\jetty-webapp\9.4.1.v20170120\jetty-webapp-9.4.1.v20170120.jar;D:\java\java\manve_lib\repository\org\eclipse\jetty\jetty-xml\9.4.1.v20170120\jetty-xml-9.4.1.v20170120.jar;D:\java\java\manve_lib\repository\org\eclipse\jetty\jetty-servlet\9.4.1.v20170120\jetty-servlet-9.4.1.v20170120.jar;D:\java\java\manve_lib\repository\org\eclipse\jetty\jetty-security\9.4.1.v20170120\jetty-security-9.4.1.v20170120.jar;D:\java\java\manve_lib\repository\org\eclipse\jetty\jetty-server\9.4.1.v20170120\jetty-server-9.4.1.v20170120.jar;D:\java\java\manve_lib\repository\org\eclipse\jetty\websocket\websocket-server\9.4.1.v20170120\websocket-server-9.4.1.v20170120.jar;D:\java\java\manve_lib\repository\org\eclipse\jetty\websocket\websocket-common\9.4.1.v20170120\websocket-common-9.4.1.v20170120.jar;D:\java\java\manve_lib\repository\org\eclipse\jetty\websocket\websocket-api\9.4.1.v20170120\websocket-api-9.4.1.v20170120.jar;D:\java\java\manve_lib\repository\org\eclipse\jetty\websocket\websocket-client\9.4.1.v20170120\websocket-client-9.4.1.v20170120.jar;D:\java\java\manve_lib\repository\org\eclipse\jetty\jetty-client\9.4.1.v20170120\jetty-client-9.4.1.v20170120.jar;D:\java\java\manve_lib\repository\org\eclipse\jetty\websocket\websocket-servlet\9.4.1.v20170120\websocket-servlet-9.4.1.v20170120.jar;D:\java\java\manve_lib\repository\org\eclipse\jetty\websocket\javax-websocket-server-impl\9.4.1.v20170120\javax-websocket-server-impl-9.4.1.v20170120.jar;D:\java\java\manve_lib\repository\org\eclipse\jetty\jetty-annotations\9.4.1.v20170120\jetty-annotations-9.4.1.v20170120.jar;D:\java\java\manve_lib\repository\org\eclipse\jetty\jetty-plus\9.4.1.v20170120\jetty-plus-9.4.1.v20170120.jar;D:\java\java\manve_lib\repository\javax\annotation\javax.annotation-api\1.2\javax.annotation-api-1.2.jar;D:\java\java\manve_lib\repository\org\ow2\asm\asm-commons\5.1\asm-commons-5.1.jar;D:\java\java\manve_lib\repository\org\ow2\asm\asm-tree\5.1\asm-tree-5.1.jar;D:\java\java\manve_lib\repository\org\eclipse\jetty\websocket\javax-websocket-client-impl\9.4.1.v20170120\javax-websocket-client-impl-9.4.1.v20170120.jar;D:\java\java\manve_lib\repository\javax\websocket\javax.websocket-api\1.0\javax.websocket-api-1.0.jar;D:\java\java\manve_lib\repository\org\mortbay\jasper\apache-el\8.0.33\apache-el-8.0.33.jar;D:\java\java\manve_lib\repository\com\taobao\diamond\diamond-client\2.0.5.5\diamond-client-2.0.5.5.jar;D:\java\java\manve_lib\repository\com\taobao\diamond\diamond-utils\2.0.5.5\diamond-utils-2.0.5.5.jar;D:\java\java\manve_lib\repository\org\codehaus\jackson\jackson-core-lgpl\1.9.13\jackson-core-lgpl-1.9.13.jar;D:\java\java\manve_lib\repository\org\codehaus\jackson\jackson-mapper-lgpl\1.9.13\jackson-mapper-lgpl-1.9.13.jar;D:\java\java\manve_lib\repository\commons-logging\commons-logging\1.1\commons-logging-1.1.jar;D:\java\java\manve_lib\repository\logkit\logkit\1.0.1\logkit-1.0.1.jar;D:\java\java\manve_lib\repository\avalon-framework\avalon-framework\4.1.3\avalon-framework-4.1.3.jar;D:\java\java\manve_lib\repository\javax\servlet\servlet-api\2.3\servlet-api-2.3.jar;D:\java\java\manve_lib\repository\commons-httpclient\commons-httpclient\3.1\commons-httpclient-3.1.jar;D:\java\java\manve_lib\repository\commons-lang\commons-lang\2.4\commons-lang-2.4.jar;D:\java\java\manve_lib\repository\com\alibaba\dubbo\2.5.3\dubbo-2.5.3.jar;D:\java\java\manve_lib\repository\org\javassist\javassist\3.21.0-GA\javassist-3.21.0-GA.jar;D:\java\java\manve_lib\repository\org\jboss\netty\netty\3.2.5.Final\netty-3.2.5.Final.jar;D:\java\java\manve_lib\repository\org\apache\zookeeper\zookeeper\3.4.6\zookeeper-3.4.6.jar;D:\java\java\manve_lib\repository\org\slf4j\slf4j-api\1.7.6\slf4j-api-1.7.6.jar;D:\java\java\manve_lib\repository\log4j\log4j\1.2.17\log4j-1.2.17.jar;D:\java\java\manve_lib\repository\jline\jline\0.9.94\jline-0.9.94.jar;D:\java\java\manve_lib\repository\io\netty\netty\3.7.0.Final\netty-3.7.0.Final.jar;D:\java\java\manve_lib\repository\com\github\sgroschupf\zkclient\0.1\zkclient-0.1.jar;D:\java\java\manve_lib\repository\org\oreframework\boot\ore-boot-starter-dubbo\1.0.9.RELEASE\ore-boot-starter-dubbo-1.0.9.RELEASE.jar;D:\java\java\manve_lib\repository\org\oreframework\boot\ore-boot-starter-datasource\1.0.9.RELEASE\ore-boot-starter-datasource-1.0.9.RELEASE.jar;D:\java\java\manve_lib\repository\org\oreframework\ore-datasource\2.0.8.RELEASE\ore-datasource-2.0.8.RELEASE.jar;D:\java\java\manve_lib\repository\org\springframework\boot\spring-boot-starter-jdbc\1.5.1.RELEASE\spring-boot-starter-jdbc-1.5.1.RELEASE.jar;D:\java\java\manve_lib\repository\org\apache\tomcat\tomcat-jdbc\8.5.11\tomcat-jdbc-8.5.11.jar;D:\java\java\manve_lib\repository\org\apache\tomcat\tomcat-juli\8.5.11\tomcat-juli-8.5.11.jar;D:\java\java\manve_lib\repository\org\springframework\spring-jdbc\4.3.6.RELEASE\spring-jdbc-4.3.6.RELEASE.jar;D:\java\java\manve_lib\repository\org\springframework\spring-tx\4.3.6.RELEASE\spring-tx-4.3.6.RELEASE.jar;D:\java\java\manve_lib\repository\org\mybatis\mybatis-spring\1.3.1\mybatis-spring-1.3.1.jar;D:\java\java\manve_lib\repository\org\mybatis\mybatis\3.4.2\mybatis-3.4.2.jar;D:\java\java\manve_lib\repository\mysql\mysql-connector-java\5.1.40\mysql-connector-java-5.1.40.jar;D:\java\java\manve_lib\repository\com\alibaba\druid\1.0.11\druid-1.0.11.jar;D:\Program Files\Java\jdk1.8.0_91\jre\..\lib\jconsole.jar;D:\Program Files\Java\jdk1.8.0_91\jre\..\lib\tools.jar;D:\java\java\manve_lib\repository\com\github\pagehelper\pagehelper\5.0.0\pagehelper-5.0.0.jar;D:\java\java\manve_lib\repository\com\github\jsqlparser\jsqlparser\0.9.5\jsqlparser-0.9.5.jar;D:\java\java\manve_lib\repository\tk\mybatis\mapper\3.4.0\mapper-3.4.0.jar;D:\java\java\manve_lib\repository\javax\persistence\persistence-api\1.0.2\persistence-api-1.0.2.jar;D:\java\java\manve_lib\repository\org\oreframework\boot\ore-boot-starter-static\1.0.9.RELEASE\ore-boot-starter-static-1.0.9.RELEASE.jar;D:\java\java\manve_lib\repository\org\webjars\jquery\2.1.1\jquery-2.1.1.jar;D:\java\java\manve_lib\repository\org\webjars\bootstrap\3.3.7\bootstrap-3.3.7.jar;D:\java\java\manve_lib\repository\org\oreframework\boot\ore-boot-starter-kafka\1.0.9.RELEASE\ore-boot-starter-kafka-1.0.9.RELEASE.jar;D:\java\java\manve_lib\repository\org\springframework\kafka\spring-kafka\1.1.1.RELEASE\spring-kafka-1.1.1.RELEASE.jar;D:\java\java\manve_lib\repository\org\springframework\spring-messaging\4.3.6.RELEASE\spring-messaging-4.3.6.RELEASE.jar;D:\java\java\manve_lib\repository\org\springframework\retry\spring-retry\1.2.0.RELEASE\spring-retry-1.2.0.RELEASE.jar;D:\java\java\manve_lib\repository\org\oreframework\ore-kafka\2.0.8.RELEASE\ore-kafka-2.0.8.RELEASE.jar;D:\java\java\manve_lib\repository\org\apache\kafka\kafka-clients\0.8.2.0\kafka-clients-0.8.2.0.jar;D:\java\java\manve_lib\repository\net\jpountz\lz4\lz4\1.2.0\lz4-1.2.0.jar;D:\java\java\manve_lib\repository\org\xerial\snappy\snappy-java\1.1.1.6\snappy-java-1.1.1.6.jar;D:\java\java\manve_lib\repository\org\apache\kafka\kafka_2.10\0.8.1.1\kafka_2.10-0.8.1.1.jar;D:\java\java\manve_lib\repository\com\yammer\metrics\metrics-core\2.2.0\metrics-core-2.2.0.jar;D:\java\java\manve_lib\repository\net\sf\jopt-simple\jopt-simple\3.2\jopt-simple-3.2.jar;D:\java\java\manve_lib\repository\org\scala-lang\scala-library\2.10.1\scala-library-2.10.1.jar;D:\java\java\manve_lib\repository\com\101tec\zkclient\0.3\zkclient-0.3.jar;D:\java\java\manve_lib\repository\com\alibaba\fastjson\1.2.7\fastjson-1.2.7.jar;D:\java\java\manve_lib\repository\org\springframework\spring-test\4.3.6.RELEASE\spring-test-4.3.6.RELEASE.jar;D:\java\java\manve_lib\repository\org\springframework\spring-core\4.3.6.RELEASE\spring-core-4.3.6.RELEASE.jar;D:\java\java\manve_lib\repository\org\springframework\boot\spring-boot-starter-test\1.5.1.RELEASE\spring-boot-starter-test-1.5.1.RELEASE.jar;D:\java\java\manve_lib\repository\org\springframework\boot\spring-boot-test\1.5.1.RELEASE\spring-boot-test-1.5.1.RELEASE.jar;D:\java\java\manve_lib\repository\org\springframework\boot\spring-boot\1.5.1.RELEASE\spring-boot-1.5.1.RELEASE.jar;D:\java\java\manve_lib\repository\org\springframework\boot\spring-boot-test-autoconfigure\1.5.1.RELEASE\spring-boot-test-autoconfigure-1.5.1.RELEASE.jar;D:\java\java\manve_lib\repository\org\springframework\boot\spring-boot-autoconfigure\1.5.1.RELEASE\spring-boot-autoconfigure-1.5.1.RELEASE.jar;D:\java\java\manve_lib\repository\com\jayway\jsonpath\json-path\2.2.0\json-path-2.2.0.jar;D:\java\java\manve_lib\repository\net\minidev\json-smart\2.2.1\json-smart-2.2.1.jar;D:\java\java\manve_lib\repository\net\minidev\accessors-smart\1.1\accessors-smart-1.1.jar;D:\java\java\manve_lib\repository\org\ow2\asm\asm\5.0.3\asm-5.0.3.jar;D:\java\java\manve_lib\repository\org\assertj\assertj-core\2.6.0\assertj-core-2.6.0.jar;D:\java\java\manve_lib\repository\org\mockito\mockito-core\1.10.19\mockito-core-1.10.19.jar;D:\java\java\manve_lib\repository\org\objenesis\objenesis\2.1\objenesis-2.1.jar;D:\java\java\manve_lib\repository\org\hamcrest\hamcrest-library\1.3\hamcrest-library-1.3.jar;D:\java\java\manve_lib\repository\org\skyscreamer\jsonassert\1.4.0\jsonassert-1.4.0.jar;D:\java\java\manve_lib\repository\com\vaadin\external\google\android-json\0.0.20131108.vaadin1\android-json-0.0.20131108.vaadin1.jar;D:\java\java\manve_lib\repository\org\oreframework\boot\ore-boot-starter-office\1.0.9.RELEASE\ore-boot-starter-office-1.0.9.RELEASE.jar;D:\java\java\manve_lib\repository\org\springframework\data\spring-data-commons\1.13.0.RELEASE\spring-data-commons-1.13.0.RELEASE.jar;D:\java\java\manve_lib\repository\org\springframework\spring-beans\4.3.6.RELEASE\spring-beans-4.3.6.RELEASE.jar;D:\java\java\manve_lib\repository\org\slf4j\jcl-over-slf4j\1.7.22\jcl-over-slf4j-1.7.22.jar;D:\java\java\manve_lib\repository\org\oreframework\common\ore-common-office\2.0.8.RELEASE\ore-common-office-2.0.8.RELEASE.jar;D:\java\java\manve_lib\repository\org\apache\poi\poi\3.9\poi-3.9.jar;D:\java\java\manve_lib\repository\org\apache\poi\poi-ooxml\3.9\poi-ooxml-3.9.jar;D:\java\java\manve_lib\repository\dom4j\dom4j\1.6.1\dom4j-1.6.1.jar;D:\java\java\manve_lib\repository\xml-apis\xml-apis\1.4.01\xml-apis-1.4.01.jar;D:\java\java\manve_lib\repository\org\apache\poi\poi-ooxml-schemas\3.9\poi-ooxml-schemas-3.9.jar;D:\java\java\manve_lib\repository\org\apache\xmlbeans\xmlbeans\2.3.0\xmlbeans-2.3.0.jar;D:\java\java\manve_lib\repository\stax\stax-api\1.0.1\stax-api-1.0.1.jar;D:\java\java\manve_lib\repository\commons-beanutils\commons-beanutils\1.9.3\commons-beanutils-1.9.3.jar;D:\java\java\manve_lib\repository\commons-collections\commons-collections\3.2.2\commons-collections-3.2.2.jar;D:\java\java\manve_lib\repository\org\oreframework\common\ore-common-lang\2.0.8.RELEASE\ore-common-lang-2.0.8.RELEASE.jar;D:\java\java\manve_lib\repository\org\oreframework\common\ore-common-compress\2.0.8.RELEASE\ore-common-compress-2.0.8.RELEASE.jar;D:\java\java\manve_lib\repository\org\apache\commons\commons-compress\1.12\commons-compress-1.12.jar;D:\java\java\manve_lib\repository\commons-io\commons-io\2.4\commons-io-2.4.jar;D:\java\java\manve_lib\repository\com\zbj\zop\rop-client\1.0.4\rop-client-1.0.4.jar;D:\java\java\manve_lib\repository\org\codehaus\jackson\jackson-xc\1.9.5\jackson-xc-1.9.5.jar;D:\java\java\manve_lib\repository\org\codehaus\jackson\jackson-core-asl\1.9.5\jackson-core-asl-1.9.5.jar;D:\java\java\manve_lib\repository\org\codehaus\jackson\jackson-mapper-asl\1.9.13\jackson-mapper-asl-1.9.13.jar;D:\java\java\manve_lib\repository\commons-codec\commons-codec\1.10\commons-codec-1.10.jar;D:\java\java\manve_lib\repository\org\springframework\boot\spring-boot-starter-freemarker\1.5.1.RELEASE\spring-boot-starter-freemarker-1.5.1.RELEASE.jar;D:\java\java\manve_lib\repository\org\springframework\boot\spring-boot-starter\1.5.1.RELEASE\spring-boot-starter-1.5.1.RELEASE.jar;D:\java\java\manve_lib\repository\org\springframework\boot\spring-boot-starter-logging\1.5.1.RELEASE\spring-boot-starter-logging-1.5.1.RELEASE.jar;D:\java\java\manve_lib\repository\org\slf4j\jul-to-slf4j\1.7.22\jul-to-slf4j-1.7.22.jar;D:\java\java\manve_lib\repository\org\slf4j\log4j-over-slf4j\1.7.22\log4j-over-slf4j-1.7.22.jar;D:\java\java\manve_lib\repository\org\yaml\snakeyaml\1.17\snakeyaml-1.17.jar;D:\java\java\manve_lib\repository\org\springframework\boot\spring-boot-starter-web\1.5.1.RELEASE\spring-boot-starter-web-1.5.1.RELEASE.jar;D:\java\java\manve_lib\repository\org\springframework\boot\spring-boot-starter-tomcat\1.5.1.RELEASE\spring-boot-starter-tomcat-1.5.1.RELEASE.jar;D:\java\java\manve_lib\repository\org\apache\tomcat\embed\tomcat-embed-core\8.5.11\tomcat-embed-core-8.5.11.jar;D:\java\java\manve_lib\repository\org\apache\tomcat\embed\tomcat-embed-el\8.5.11\tomcat-embed-el-8.5.11.jar;D:\java\java\manve_lib\repository\org\apache\tomcat\embed\tomcat-embed-websocket\8.5.11\tomcat-embed-websocket-8.5.11.jar;D:\java\java\manve_lib\repository\org\hibernate\hibernate-validator\5.3.4.Final\hibernate-validator-5.3.4.Final.jar;D:\java\java\manve_lib\repository\javax\validation\validation-api\1.1.0.Final\validation-api-1.1.0.Final.jar;D:\java\java\manve_lib\repository\org\jboss\logging\jboss-logging\3.3.0.Final\jboss-logging-3.3.0.Final.jar;D:\java\java\manve_lib\repository\com\fasterxml\classmate\1.3.3\classmate-1.3.3.jar;D:\java\java\manve_lib\repository\com\fasterxml\jackson\core\jackson-databind\2.8.6\jackson-databind-2.8.6.jar;D:\java\java\manve_lib\repository\com\fasterxml\jackson\core\jackson-annotations\2.8.0\jackson-annotations-2.8.0.jar;D:\java\java\manve_lib\repository\com\fasterxml\jackson\core\jackson-core\2.8.6\jackson-core-2.8.6.jar;D:\java\java\manve_lib\repository\org\springframework\spring-web\4.3.6.RELEASE\spring-web-4.3.6.RELEASE.jar;D:\java\java\manve_lib\repository\org\springframework\spring-aop\4.3.6.RELEASE\spring-aop-4.3.6.RELEASE.jar;D:\java\java\manve_lib\repository\org\springframework\spring-webmvc\4.3.6.RELEASE\spring-webmvc-4.3.6.RELEASE.jar;D:\java\java\manve_lib\repository\org\springframework\spring-expression\4.3.6.RELEASE\spring-expression-4.3.6.RELEASE.jar;D:\java\java\manve_lib\repository\org\springframework\spring-context-support\4.3.6.RELEASE\spring-context-support-4.3.6.RELEASE.jar;D:\java\java\manve_lib\repository\org\springframework\spring-context\4.3.6.RELEASE\spring-context-4.3.6.RELEASE.jar;D:\java\java\manve_lib\repository\org\freemarker\freemarker\2.3.26-incubating\freemarker-2.3.26-incubating.jar;D:\java\java\manve_lib\repository\com\glsx\biz\biz-base-service\2.2.0-SNAPSHOT\biz-base-service-2.2.0-SNAPSHOT.jar;D:\java\java\manve_lib\repository\com\glsx\biz\biz-base-common\2.2.0-SNAPSHOT\biz-base-common-2.2.0-SNAPSHOT.jar;D:\java\java\manve_lib\repository\com\glsx\biz\biz-common-core\2.2.0-SNAPSHOT\biz-common-core-2.2.0-SNAPSHOT.jar;D:\java\java\manve_lib\repository\org\hibernate\javax\persistence\hibernate-jpa-2.0-api\1.0.0.Final\hibernate-jpa-2.0-api-1.0.0.Final.jar;D:\java\java\manve_lib\repository\org\hibernate\hibernate-core\5.0.11.Final\hibernate-core-5.0.11.Final.jar;D:\java\java\manve_lib\repository\org\hibernate\javax\persistence\hibernate-jpa-2.1-api\1.0.0.Final\hibernate-jpa-2.1-api-1.0.0.Final.jar;D:\java\java\manve_lib\repository\antlr\antlr\2.7.7\antlr-2.7.7.jar;D:\java\java\manve_lib\repository\org\apache\geronimo\specs\geronimo-jta_1.1_spec\1.1.1\geronimo-jta_1.1_spec-1.1.1.jar;D:\java\java\manve_lib\repository\org\jboss\jandex\2.0.0.Final\jandex-2.0.0.Final.jar;D:\java\java\manve_lib\repository\org\hibernate\common\hibernate-commons-annotations\5.0.1.Final\hibernate-commons-annotations-5.0.1.Final.jar;D:\java\java\manve_lib\repository\com\glsx\cloudframework\cloudframework-core\2.1.1-SNAPSHOT\cloudframework-core-2.1.1-SNAPSHOT.jar;D:\java\java\manve_lib\repository\com\glsx\cloudframework\cloudframework-module\2.1.1-SNAPSHOT\cloudframework-module-2.1.1-SNAPSHOT.jar;D:\java\java\manve_lib\repository\javax\inject\javax.inject\1\javax.inject-1.jar;D:\java\java\manve_lib\repository\commons-pool\commons-pool\1.6\commons-pool-1.6.jar;D:\java\java\manve_lib\repository\org\apache\httpcomponents\httpclient\4.3.6\httpclient-4.3.6.jar;D:\java\java\manve_lib\repository\org\apache\httpcomponents\httpcore\4.4.6\httpcore-4.4.6.jar;D:\java\java\manve_lib\repository\net\jcip\jcip-annotations\1.0\jcip-annotations-1.0.jar;D:\java\java\manve_lib\repository\org\aspectj\aspectjrt\1.8.9\aspectjrt-1.8.9.jar;D:\java\java\manve_lib\repository\org\aspectj\aspectjweaver\1.8.9\aspectjweaver-1.8.9.jar;D:\java\java\manve_lib\repository\com\glsx\cloudframework\cloudframework-exception\2.1.1-SNAPSHOT\cloudframework-exception-2.1.1-SNAPSHOT.jar;D:\java\java\manve_lib\repository\com\glsx\biz\oms-fcservice-api\1.0.0-SNAPSHOT\oms-fcservice-api-1.0.0-SNAPSHOT.jar;
2018-08-08 17:04:50.017 [oms-fcadmin] [main] INFO  org.apache.zookeeper.ZooKeeper - Client environment:java.library.path=D:\Program Files\Java\jdk1.8.0_91\jre\bin;C:\Windows\Sun\Java\bin;C:\Windows\system32;C:\Windows;C:\ProgramData\Oracle\Java\javapath;C:\Windows\system32;C:\Windows;C:\Windows\System32\Wbem;C:\Windows\System32\WindowsPowerShell\v1.0\;D:\Program Files (x86)\Yarn\bin\;C:\Program Files\dotnet\;D:\Program Files\nvm;d:\Program Files\nodejs;D:\Program Files\TortoiseSVN\bin;D:\Program Files\nodejs\;D:\Program Files\cmder;D:\Application\node\node_global;d:\Program Files\Git\cmd;D:\Program Files\Git\bin;D:\Program Files\Git\usr\bin;D:\Program Files\python\Scripts\;D:\Program Files\python\;C:\Users\Administrator\AppData\Local\Yarn\bin;D:\Program Files\nvm;d:\Program Files\nodejs;C:\Users\Administrator\AppData\Roaming\npm;.
2018-08-08 17:04:50.018 [oms-fcadmin] [main] INFO  org.apache.zookeeper.ZooKeeper - Client environment:java.io.tmpdir=C:\Users\ADMINI~1\AppData\Local\Temp\
2018-08-08 17:04:50.018 [oms-fcadmin] [main] INFO  org.apache.zookeeper.ZooKeeper - Client environment:java.compiler=&lt;NA&gt;
2018-08-08 17:04:50.018 [oms-fcadmin] [main] INFO  org.apache.zookeeper.ZooKeeper - Client environment:os.name=Windows 7
2018-08-08 17:04:50.018 [oms-fcadmin] [main] INFO  org.apache.zookeeper.ZooKeeper - Client environment:os.arch=amd64
2018-08-08 17:04:50.018 [oms-fcadmin] [main] INFO  org.apache.zookeeper.ZooKeeper - Client environment:os.version=6.1
2018-08-08 17:04:50.018 [oms-fcadmin] [main] INFO  org.apache.zookeeper.ZooKeeper - Client environment:user.name=Administrator
2018-08-08 17:04:50.018 [oms-fcadmin] [main] INFO  org.apache.zookeeper.ZooKeeper - Client environment:user.home=C:\Users\Administrator
2018-08-08 17:04:50.018 [oms-fcadmin] [main] INFO  org.apache.zookeeper.ZooKeeper - Client environment:user.dir=F:\eclipseWork\glsx-oms\oms-fcadmin
2018-08-08 17:04:50.020 [oms-fcadmin] [main] INFO  org.apache.zookeeper.ZooKeeper - Initiating client connection, connectString=192.168.3.206:2181 sessionTimeout=30000 watcher=org.I0Itec.zkclient.ZkClient@44598ef7
2018-08-08 17:04:50.074 [oms-fcadmin] [main-SendThread(192.168.3.206:2181)] INFO  org.apache.zookeeper.ClientCnxn - Opening socket connection to server 192.168.3.206/192.168.3.206:2181. Will not attempt to authenticate using SASL (unknown error)
2018-08-08 17:04:50.077 [oms-fcadmin] [main-SendThread(192.168.3.206:2181)] INFO  org.apache.zookeeper.ClientCnxn - Socket connection established to 192.168.3.206/192.168.3.206:2181, initiating session
2018-08-08 17:04:50.086 [oms-fcadmin] [main-SendThread(192.168.3.206:2181)] INFO  org.apache.zookeeper.ClientCnxn - Session establishment complete on server 192.168.3.206/192.168.3.206:2181, sessionid = 0x163665d27a34622, negotiated timeout = 30000
2018-08-08 17:04:50.691 [oms-fcadmin] [main] INFO  o.s.c.s.PostProcessorRegistrationDelegate$BeanPostProcessorChecker - Bean &apos;flowCardController&apos; of type [class com.glsx.oms.fcadmin.biz.card.flowcard.controller.FlowCardController] is not eligible for getting processed by all BeanPostProcessors (for example: not eligible for auto-proxying)
2018-08-08 17:04:50.739 [oms-fcadmin] [main] INFO  o.s.c.s.PostProcessorRegistrationDelegate$BeanPostProcessorChecker - Bean &apos;flowPoolMapper&apos; of type [class org.mybatis.spring.mapper.MapperFactoryBean] is not eligible for getting processed by all BeanPostProcessors (for example: not eligible for auto-proxying)
2018-08-08 17:04:50.744 [oms-fcadmin] [main] INFO  o.s.c.s.PostProcessorRegistrationDelegate$BeanPostProcessorChecker - Bean &apos;flowPoolMapper&apos; of type [class com.sun.proxy.$Proxy95] is not eligible for getting processed by all BeanPostProcessors (for example: not eligible for auto-proxying)
2018-08-08 17:04:50.775 [oms-fcadmin] [main] INFO  o.s.c.s.PostProcessorRegistrationDelegate$BeanPostProcessorChecker - Bean &apos;flowPoolMonthDetailMapper&apos; of type [class org.mybatis.spring.mapper.MapperFactoryBean] is not eligible for getting processed by all BeanPostProcessors (for example: not eligible for auto-proxying)
2018-08-08 17:04:50.779 [oms-fcadmin] [main] INFO  o.s.c.s.PostProcessorRegistrationDelegate$BeanPostProcessorChecker - Bean &apos;flowPoolMonthDetailMapper&apos; of type [class com.sun.proxy.$Proxy96] is not eligible for getting processed by all BeanPostProcessors (for example: not eligible for auto-proxying)
2018-08-08 17:04:50.793 [oms-fcadmin] [main] INFO  o.s.c.s.PostProcessorRegistrationDelegate$BeanPostProcessorChecker - Bean &apos;flowPoolService&apos; of type [class com.glsx.oms.fcadmin.biz.card.flowpool.service.FlowPoolService] is not eligible for getting processed by all BeanPostProcessors (for example: not eligible for auto-proxying)
2018-08-08 17:04:50.819 [oms-fcadmin] [main] INFO  o.s.c.s.PostProcessorRegistrationDelegate$BeanPostProcessorChecker - Bean &apos;flowPoolController&apos; of type [class com.glsx.oms.fcadmin.biz.card.flowpool.controller.FlowPoolController] is not eligible for getting processed by all BeanPostProcessors (for example: not eligible for auto-proxying)
2018-08-08 17:04:50.856 [oms-fcadmin] [main] INFO  o.s.c.s.PostProcessorRegistrationDelegate$BeanPostProcessorChecker - Bean &apos;lifeCycleMapper&apos; of type [class org.mybatis.spring.mapper.MapperFactoryBean] is not eligible for getting processed by all BeanPostProcessors (for example: not eligible for auto-proxying)
[...]
	at org.springframework.test.context.junit4.statements.RunBeforeTestMethodCallbacks.evaluate(RunBeforeTestMethodCallbacks.java:75)
	at org.springframework.test.context.junit4.statements.RunAfterTestMethodCallbacks.evaluate(RunAfterTestMethodCallbacks.java:86)
	at org.springframework.test.context.junit4.statements.SpringRepeat.evaluate(SpringRepeat.java:84)
	at org.junit.runners.ParentRunner.runLeaf(ParentRunner.java:325)
	at org.springframework.test.context.junit4.SpringJUnit4ClassRunner.runChild(SpringJUnit4ClassRunner.java:252)
	at org.springframework.test.context.junit4.SpringJUnit4ClassRunner.runChild(SpringJUnit4ClassRunner.java:94)
	at org.junit.runners.ParentRunner$3.run(ParentRunner.java:290)
	at org.junit.runners.ParentRunner$1.schedule(ParentRunner.java:71)
	at org.junit.runners.ParentRunner.runChildren(ParentRunner.java:288)
	at org.junit.runners.ParentRunner.access$000(ParentRunner.java:58)
	at org.junit.runners.ParentRunner$2.evaluate(ParentRunner.java:268)
	at org.springframework.test.context.junit4.statements.RunBeforeTestClassCallbacks.evaluate(RunBeforeTestClassCallbacks.java:61)
	at org.springframework.test.context.junit4.statements.RunAfterTestClassCallbacks.evaluate(RunAfterTestClassCallbacks.java:70)
	at org.junit.runners.ParentRunner.run(ParentRunner.java:363)
	at org.springframework.test.context.junit4.SpringJUnit4ClassRunner.run(SpringJUnit4ClassRunner.java:191)
	at org.apache.maven.surefire.junit4.JUnit4Provider.execute(JUnit4Provider.java:252)
	at org.apache.maven.surefire.junit4.JUnit4Provider.executeTestSet(JUnit4Provider.java:141)
	at org.apache.maven.surefire.junit4.JUnit4Provider.invoke(JUnit4Provider.java:112)
	at sun.reflect.NativeMethodAccessorImpl.invoke0(Native Method)
	at sun.reflect.NativeMethodAccessorImpl.invoke(NativeMethodAccessorImpl.java:62)
	at sun.reflect.DelegatingMethodAccessorImpl.invoke(DelegatingMethodAccessorImpl.java:43)
	at java.lang.reflect.Method.invoke(Method.java:498)
	at org.apache.maven.surefire.util.ReflectionUtils.invokeMethodWithArray(ReflectionUtils.java:189)
	at org.apache.maven.surefire.booter.ProviderFactory$ProviderProxy.invoke(ProviderFactory.java:165)
	at org.apache.maven.surefire.booter.ProviderFactory.invokeProvider(ProviderFactory.java:85)
	at org.apache.maven.surefire.booter.ForkedBooter.runSuitesInProcess(ForkedBooter.java:115)
	at org.apache.maven.surefire.booter.ForkedBooter.main(ForkedBooter.java:75)
Caused by: org.apache.http.conn.HttpHostConnectException: Connect to localhost:8080 [localhost/127.0.0.1, localhost/0:0:0:0:0:0:0:1] failed: Connection refused: connect
	at org.apache.http.impl.conn.HttpClientConnectionOperator.connect(HttpClientConnectionOperator.java:142)
	at org.apache.http.impl.conn.PoolingHttpClientConnectionManager.connect(PoolingHttpClientConnectionManager.java:319)
	at org.apache.http.impl.execchain.MainClientExec.establishRoute(MainClientExec.java:363)
	at org.apache.http.impl.execchain.MainClientExec.execute(MainClientExec.java:219)
	at org.apache.http.impl.execchain.ProtocolExec.execute(ProtocolExec.java:195)
	at org.apache.http.impl.execchain.RetryExec.execute(RetryExec.java:86)
	at org.apache.http.impl.execchain.RedirectExec.execute(RedirectExec.java:108)
	at org.apache.http.impl.client.InternalHttpClient.doExecute(InternalHttpClient.java:184)
	at org.apache.http.impl.client.CloseableHttpClient.execute(CloseableHttpClient.java:82)
	at org.apache.http.impl.client.CloseableHttpClient.execute(CloseableHttpClient.java:57)
	at org.springframework.http.client.HttpComponentsClientHttpRequest.executeInternal(HttpComponentsClientHttpRequest.java:89)
	at org.springframework.http.client.AbstractBufferingClientHttpRequest.executeInternal(AbstractBufferingClientHttpRequest.java:48)
	at org.springframework.http.client.AbstractClientHttpRequest.execute(AbstractClientHttpRequest.java:53)
	at org.springframework.web.client.RestTemplate.doExecute(RestTemplate.java:652)
	... 39 more
Caused by: java.net.ConnectException: Connection refused: connect
	at java.net.DualStackPlainSocketImpl.connect0(Native Method)
	at java.net.DualStackPlainSocketImpl.socketConnect(DualStackPlainSocketImpl.java:79)
	at java.net.AbstractPlainSocketImpl.doConnect(AbstractPlainSocketImpl.java:350)
	at java.net.AbstractPlainSocketImpl.connectToAddress(AbstractPlainSocketImpl.java:206)
	at java.net.AbstractPlainSocketImpl.connect(AbstractPlainSocketImpl.java:188)
	at java.net.PlainSocketImpl.connect(PlainSocketImpl.java:172)
	at java.net.SocksSocketImpl.connect(SocksSocketImpl.java:392)
	at java.net.Socket.connect(Socket.java:589)
	at org.apache.http.conn.socket.PlainConnectionSocketFactory.connectSocket(PlainConnectionSocketFactory.java:72)
	at org.apache.http.impl.conn.HttpClientConnectionOperator.connect(HttpClientConnectionOperator.java:125)
	... 52 more
</error>
    <system-out>2018-08-08 17:05:00.326 [oms-fcadmin] [main] INFO  o.s.c.s.PostProcessorRegistrationDelegate$BeanPostProcessorChecker - Bean &apos;com.glsx.oms.fcadmin.biz.auth.nameauth.test.NameauthClientTest&apos; of type [class com.glsx.oms.fcadmin.biz.auth.nameauth.test.NameauthClientTest] is not eligible for getting processed by all BeanPostProcessors (for example: not eligible for auto-proxying)
</system-out>
  </testcase>
  <testcase classname="com.glsx.oms.fcadmin.biz.auth.nameauth.test.NameauthClientTest" name="testDelete" time="2.05">
    <error message="I/O error on DELETE request for &quot;http://localhost:8080/auth/nameauth/9999999&quot;: Connect to localhost:8080 [localhost/127.0.0.1, localhost/0:0:0:0:0:0:0:1] failed: Connection refused: connect; nested exception is org.apache.http.conn.HttpHostConnectException: Connect to localhost:8080 [localhost/127.0.0.1, localhost/0:0:0:0:0:0:0:1] failed: Connection refused: connect" type="org.springframework.web.client.ResourceAccessException">org.springframework.web.client.ResourceAccessException: I/O error on DELETE request for &quot;http://localhost:8080/auth/nameauth/9999999&quot;: Connect to localhost:8080 [localhost/127.0.0.1, localhost/0:0:0:0:0:0:0:1] failed: Connection refused: connect; nested exception is org.apache.http.conn.HttpHostConnectException: Connect to localhost:8080 [localhost/127.0.0.1, localhost/0:0:0:0:0:0:0:1] failed: Connection refused: connect
	at org.springframework.web.client.RestTemplate.doExecute(RestTemplate.java:666)
	at org.springframework.web.client.RestTemplate.execute(RestTemplate.java:613)
	at org.springframework.web.client.RestTemplate.delete(RestTemplate.java:485)
	at com.glsx.oms.fcadmin.biz.auth.nameauth.rest.NameauthClient.delete(NameauthClient.java:36)
	at com.glsx.oms.fcadmin.biz.auth.nameauth.test.NameauthClientTest.testDelete(NameauthClientTest.java:36)
	at sun.reflect.NativeMethodAccessorImpl.invoke0(Native Method)
	at sun.reflect.NativeMethodAccessorImpl.invoke(NativeMethodAccessorImpl.java:62)
	at sun.reflect.DelegatingMethodAccessorImpl.invoke(DelegatingMethodAccessorImpl.java:43)
	at java.lang.reflect.Method.invoke(Method.java:498)
	at org.junit.runners.model.FrameworkMethod$1.runReflectiveCall(FrameworkMethod.java:50)
	at org.junit.internal.runners.model.ReflectiveCallable.run(ReflectiveCallable.java:12)
	at org.junit.runners.model.FrameworkMethod.invokeExplosively(FrameworkMethod.java:47)
	at org.junit.internal.runners.statements.InvokeMethod.evaluate(InvokeMethod.java:17)
	at org.springframework.test.context.junit4.statements.RunBeforeTestMethodCallbacks.evaluate(RunBeforeTestMethodCallbacks.java:75)
	at org.springframework.test.context.junit4.statements.RunAfterTestMethodCallbacks.evaluate(RunAfterTestMethodCallbacks.java:86)
	at org.springframework.test.context.junit4.statements.SpringRepeat.evaluate(SpringRepeat.java:84)
	at org.junit.runners.ParentRunner.runLeaf(ParentRunner.java:325)
	at org.springframework.test.context.junit4.SpringJUnit4ClassRunner.runChild(SpringJUnit4ClassRunner.java:252)
	at org.springframework.test.context.junit4.SpringJUnit4ClassRunner.runChild(SpringJUnit4ClassRunner.java:94)
	at org.junit.runners.ParentRunner$3.run(ParentRunner.java:290)
	at org.junit.runners.ParentRunner$1.schedule(ParentRunner.java:71)
	at org.junit.runners.ParentRunner.runChildren(ParentRunner.java:288)
	at org.junit.runners.ParentRunner.access$000(ParentRunner.java:58)
	at org.junit.runners.ParentRunner$2.evaluate(ParentRunner.java:268)
	at org.springframework.test.context.junit4.statements.RunBeforeTestClassCallbacks.evaluate(RunBeforeTestClassCallbacks.java:61)
	at org.springframework.test.context.junit4.statements.RunAfterTestClassCallbacks.evaluate(RunAfterTestClassCallbacks.java:70)
	at org.junit.runners.ParentRunner.run(ParentRunner.java:363)
	at org.springframework.test.context.junit4.SpringJUnit4ClassRunner.run(SpringJUnit4ClassRunner.java:191)
	at org.apache.maven.surefire.junit4.JUnit4Provider.execute(JUnit4Provider.java:252)
	at org.apache.maven.surefire.junit4.JUnit4Provider.executeTestSet(JUnit4Provider.java:141)
	at org.apache.maven.surefire.junit4.JUnit4Provider.invoke(JUnit4Provider.java:112)
	at sun.reflect.NativeMethodAccessorImpl.invoke0(Native Method)
	at sun.reflect.NativeMethodAccessorImpl.invoke(NativeMethodAccessorImpl.java:62)
	at sun.reflect.DelegatingMethodAccessorImpl.invoke(DelegatingMethodAccessorImpl.java:43)
	at java.lang.reflect.Method.invoke(Method.java:498)
	at org.apache.maven.surefire.util.ReflectionUtils.invokeMethodWithArray(ReflectionUtils.java:189)
	at org.apache.maven.surefire.booter.ProviderFactory$ProviderProxy.invoke(ProviderFactory.java:165)
	at org.apache.maven.surefire.booter.ProviderFactory.invokeProvider(ProviderFactory.java:85)
	at org.apache.maven.surefire.booter.ForkedBooter.runSuitesInProcess(ForkedBooter.java:115)
	at org.apache.maven.surefire.booter.ForkedBooter.main(ForkedBooter.java:75)
Caused by: org.apache.http.conn.HttpHostConnectException: Connect to localhost:8080 [localhost/127.0.0.1, localhost/0:0:0:0:0:0:0:1] failed: Connection refused: connect
	at org.apache.http.impl.conn.HttpClientConnectionOperator.connect(HttpClientConnectionOperator.java:142)
	at org.apache.http.impl.conn.PoolingHttpClientConnectionManager.connect(PoolingHttpClientConnectionManager.java:319)
	at org.apache.http.impl.execchain.MainClientExec.establishRoute(MainClientExec.java:363)
	at org.apache.http.impl.execchain.MainClientExec.execute(MainClientExec.java:219)
	at org.apache.http.impl.execchain.ProtocolExec.execute(ProtocolExec.java:195)
	at org.apache.http.impl.execchain.RetryExec.execute(RetryExec.java:86)
	at org.apache.http.impl.execchain.RedirectExec.execute(RedirectExec.java:108)
	at org.apache.http.impl.client.InternalHttpClient.doExecute(InternalHttpClient.java:184)
	at org.apache.http.impl.client.CloseableHttpClient.execute(CloseableHttpClient.java:82)
	at org.apache.http.impl.client.CloseableHttpClient.execute(CloseableHttpClient.java:57)
	at org.springframework.http.client.HttpComponentsClientHttpRequest.executeInternal(HttpComponentsClientHttpRequest.java:89)
	at org.springframework.http.client.AbstractBufferingClientHttpRequest.executeInternal(AbstractBufferingClientHttpRequest.java:48)
	at org.springframework.http.client.AbstractClientHttpRequest.execute(AbstractClientHttpRequest.java:53)
	at org.springframework.web.client.RestTemplate.doExecute(RestTemplate.java:652)
	... 39 more
Caused by: java.net.ConnectException: Connection refused: connect
	at java.net.DualStackPlainSocketImpl.connect0(Native Method)
	at java.net.DualStackPlainSocketImpl.socketConnect(DualStackPlainSocketImpl.java:79)
	at java.net.AbstractPlainSocketImpl.doConnect(AbstractPlainSocketImpl.java:350)
	at java.net.AbstractPlainSocketImpl.connectToAddress(AbstractPlainSocketImpl.java:206)
	at java.net.AbstractPlainSocketImpl.connect(AbstractPlainSocketImpl.java:188)
	at java.net.PlainSocketImpl.connect(PlainSocketImpl.java:172)
	at java.net.SocksSocketImpl.connect(SocksSocketImpl.java:392)
	at java.net.Socket.connect(Socket.java:589)
	at org.apache.http.conn.socket.PlainConnectionSocketFactory.connectSocket(PlainConnectionSocketFactory.java:72)
	at org.apache.http.impl.conn.HttpClientConnectionOperator.connect(HttpClientConnectionOperator.java:125)
	... 52 more
</error>
    <system-out>2018-08-08 17:05:02.423 [oms-fcadmin] [main] INFO  o.s.c.s.PostProcessorRegistrationDelegate$BeanPostProcessorChecker - Bean &apos;com.glsx.oms.fcadmin.biz.auth.nameauth.test.NameauthClientTest&apos; of type [class com.glsx.oms.fcadmin.biz.auth.nameauth.test.NameauthClientTest] is not eligible for getting processed by all BeanPostProcessors (for example: not eligible for auto-proxying)
</system-out>
  </testcase>
  <testcase classname="com.glsx.oms.fcadmin.biz.auth.nameauth.test.NameauthClientTest" name="testGetAll" time="2.058">
    <error message="I/O error on GET request for &quot;http://localhost:8080/auth/nameauth&quot;: Connect to localhost:8080 [localhost/127.0.0.1, localhost/0:0:0:0:0:0:0:1] failed: Connection refused: connect; nested exception is org.apache.http.conn.HttpHostConnectException: Connect to localhost:8080 [localhost/127.0.0.1, localhost/0:0:0:0:0:0:0:1] failed: Connection refused: connect" type="org.springframework.web.client.ResourceAccessException">org.springframework.web.client.ResourceAccessException: I/O error on GET request for &quot;http://localhost:8080/auth/nameauth&quot;: Connect to localhost:8080 [localhost/127.0.0.1, localhost/0:0:0:0:0:0:0:1] failed: Connection refused: connect; nested exception is org.apache.http.conn.HttpHostConnectException: Connect to localhost:8080 [localhost/127.0.0.1, localhost/0:0:0:0:0:0:0:1] failed: Connection refused: connect
	at org.springframework.web.client.RestTemplate.doExecute(RestTemplate.java:666)
	at org.springframework.web.client.RestTemplate.execute(RestTemplate.java:613)
	at org.springframework.web.client.RestTemplate.getForEntity(RestTemplate.java:312)
	at com.glsx.oms.fcadmin.biz.auth.nameauth.rest.NameauthClient.getAll(NameauthClient.java:47)
	at com.glsx.oms.fcadmin.biz.auth.nameauth.test.NameauthClientTest.testGetAll(NameauthClientTest.java:50)
	at sun.reflect.NativeMethodAccessorImpl.invoke0(Native Method)
	at sun.reflect.NativeMethodAccessorImpl.invoke(NativeMethodAccessorImpl.java:62)
	at sun.reflect.DelegatingMethodAccessorImpl.invoke(DelegatingMethodAccessorImpl.java:43)
	at java.lang.reflect.Method.invoke(Method.java:498)
	at org.junit.runners.model.FrameworkMethod$1.runReflectiveCall(FrameworkMethod.java:50)
	at org.junit.internal.runners.model.ReflectiveCallable.run(ReflectiveCallable.java:12)
	at org.junit.runners.model.FrameworkMethod.invokeExplosively(FrameworkMethod.java:47)
	at org.junit.internal.runners.statements.InvokeMethod.evaluate(InvokeMethod.java:17)
	at org.springframework.test.context.junit4.statements.RunBeforeTestMethodCallbacks.evaluate(RunBeforeTestMethodCallbacks.java:75)
	at org.springframework.test.context.junit4.statements.RunAfterTestMethodCallbacks.evaluate(RunAfterTestMethodCallbacks.java:86)
	at org.springframework.test.context.junit4.statements.SpringRepeat.evaluate(SpringRepeat.java:84)
	at org.junit.runners.ParentRunner.runLeaf(ParentRunner.java:325)
	at org.springframework.test.context.junit4.SpringJUnit4ClassRunner.runChild(SpringJUnit4ClassRunner.java:252)
	at org.springframework.test.context.junit4.SpringJUnit4ClassRunner.runChild(SpringJUnit4ClassRunner.java:94)
	at org.junit.runners.ParentRunner$3.run(ParentRunner.java:290)
	at org.junit.runners.ParentRunner$1.schedule(ParentRunner.java:71)
	at org.junit.runners.ParentRunner.runChildren(ParentRunner.java:288)
	at org.junit.runners.ParentRunner.access$000(ParentRunner.java:58)
	at org.junit.runners.ParentRunner$2.evaluate(ParentRunner.java:268)
	at org.springframework.test.context.junit4.statements.RunBeforeTestClassCallbacks.evaluate(RunBeforeTestClassCallbacks.java:61)
	at org.springframework.test.context.junit4.statements.RunAfterTestClassCallbacks.evaluate(RunAfterTestClassCallbacks.java:70)
	at org.junit.runners.ParentRunner.run(ParentRunner.java:363)
	at org.springframework.test.context.junit4.SpringJUnit4ClassRunner.run(SpringJUnit4ClassRunner.java:191)
	at org.apache.maven.surefire.junit4.JUnit4Provider.execute(JUnit4Provider.java:252)
	at org.apache.maven.surefire.junit4.JUnit4Provider.executeTestSet(JUnit4Provider.java:141)
	at org.apache.maven.surefire.junit4.JUnit4Provider.invoke(JUnit4Provider.java:112)
	at sun.reflect.NativeMethodAccessorImpl.invoke0(Native Method)
	at sun.reflect.NativeMethodAccessorImpl.invoke(NativeMethodAccessorImpl.java:62)
	at sun.reflect.DelegatingMethodAccessorImpl.invoke(DelegatingMethodAccessorImpl.java:43)
	at java.lang.reflect.Method.invoke(Method.java:498)
	at org.apache.maven.surefire.util.ReflectionUtils.invokeMethodWithArray(ReflectionUtils.java:189)
	at org.apache.maven.surefire.booter.ProviderFactory$ProviderProxy.invoke(ProviderFactory.java:165)
	at org.apache.maven.surefire.booter.ProviderFactory.invokeProvider(ProviderFactory.java:85)
	at org.apache.maven.surefire.booter.ForkedBooter.runSuitesInProcess(ForkedBooter.java:115)
	at org.apache.maven.surefire.booter.ForkedBooter.main(ForkedBooter.java:75)
Caused by: org.apache.http.conn.HttpHostConnectException: Connect to localhost:8080 [localhost/127.0.0.1, localhost/0:0:0:0:0:0:0:1] failed: Connection refused: connect
	at org.apache.http.impl.conn.HttpClientConnectionOperator.connect(HttpClientConnectionOperator.java:142)
	at org.apache.http.impl.conn.PoolingHttpClientConnectionManager.connect(PoolingHttpClientConnectionManager.java:319)
	at org.apache.http.impl.execchain.MainClientExec.establishRoute(MainClientExec.java:363)
	at org.apache.http.impl.execchain.MainClientExec.execute(MainClientExec.java:219)
	at org.apache.http.impl.execchain.ProtocolExec.execute(ProtocolExec.java:195)
	at org.apache.http.impl.execchain.RetryExec.execute(RetryExec.java:86)
	at org.apache.http.impl.execchain.RedirectExec.execute(RedirectExec.java:108)
	at org.apache.http.impl.client.InternalHttpClient.doExecute(InternalHttpClient.java:184)
	at org.apache.http.impl.client.CloseableHttpClient.execute(CloseableHttpClient.java:82)
	at org.apache.http.impl.client.CloseableHttpClient.execute(CloseableHttpClient.java:57)
	at org.springframework.http.client.HttpComponentsClientHttpRequest.executeInternal(HttpComponentsClientHttpRequest.java:89)
	at org.springframework.http.client.AbstractBufferingClientHttpRequest.executeInternal(AbstractBufferingClientHttpRequest.java:48)
	at org.springframework.http.client.AbstractClientHttpRequest.execute(AbstractClientHttpRequest.java:53)
	at org.springframework.web.client.RestTemplate.doExecute(RestTemplate.java:652)
	... 39 more
Caused by: java.net.ConnectException: Connection refused: connect
	at java.net.DualStackPlainSocketImpl.connect0(Native Method)
	at java.net.DualStackPlainSocketImpl.socketConnect(DualStackPlainSocketImpl.java:79)
	at java.net.AbstractPlainSocketImpl.doConnect(AbstractPlainSocketImpl.java:350)
	at java.net.AbstractPlainSocketImpl.connectToAddress(AbstractPlainSocketImpl.java:206)
	at java.net.AbstractPlainSocketImpl.connect(AbstractPlainSocketImpl.java:188)
	at java.net.PlainSocketImpl.connect(PlainSocketImpl.java:172)
	at java.net.SocksSocketImpl.connect(SocksSocketImpl.java:392)
	at java.net.Socket.connect(Socket.java:589)
	at org.apache.http.conn.socket.PlainConnectionSocketFactory.connectSocket(PlainConnectionSocketFactory.java:72)
	at org.apache.http.impl.conn.HttpClientConnectionOperator.connect(HttpClientConnectionOperator.java:125)
	... 52 more
</error>
    <system-out>2018-08-08 17:05:04.472 [oms-fcadmin] [main] INFO  o.s.c.s.PostProcessorRegistrationDelegate$BeanPostProcessorChecker - Bean &apos;com.glsx.oms.fcadmin.biz.auth.nameauth.test.NameauthClientTest&apos; of type [class com.glsx.oms.fcadmin.biz.auth.nameauth.test.NameauthClientTest] is not eligible for getting processed by all BeanPostProcessors (for example: not eligible for auto-proxying)
</system-out>
  </testcase>
</testsuite>